Copyright 1986-2021 Xilinx, Inc. All Rights Reserved.
------------------------------------------------------------------------------------
| Tool Version : Vivado v.2021.2 (win64) Build 3367213 Tue Oct 19 02:48:09 MDT 2021
| Date         : Fri Oct 31 15:38:18 2025
| Host         : BOOK-Q06N8541RB running 64-bit major release  (build 9200)
| Command      : upgrade_ip
| Device       : xc7z020clg400-1
------------------------------------------------------------------------------------

Upgrade Log for IP 'design_1_sa_engine_ip_0_0'

1. Summary
----------

SUCCESS in the upgrade of design_1_sa_engine_ip_0_0 (xilinx.com:user:sa_engine_ip:1.0) from (Rev. 10) to (Rev. 11)






Copyright 1986-2021 Xilinx, Inc. All Rights Reserved.
------------------------------------------------------------------------------------
| Tool Version : Vivado v.2021.2 (win64) Build 3367213 Tue Oct 19 02:48:09 MDT 2021
| Date         : Fri Oct 24 14:19:54 2025
| Host         : BOOK-Q06N8541RB running 64-bit major release  (build 9200)
| Command      : upgrade_ip
| Device       : xc7z020clg400-1
------------------------------------------------------------------------------------

Upgrade Log for IP 'design_1_sa_engine_ip_0_0'

1. Summary
----------

SUCCESS in the upgrade of design_1_sa_engine_ip_0_0 (xilinx.com:user:sa_engine_ip:1.0) from (Rev. 9) to (Rev. 10)






Copyright 1986-2021 Xilinx, Inc. All Rights Reserved.
------------------------------------------------------------------------------------
| Tool Version : Vivado v.2021.2 (win64) Build 3367213 Tue Oct 19 02:48:09 MDT 2021
| Date         : Fri Oct 24 14:02:27 2025
| Host         : BOOK-Q06N8541RB running 64-bit major release  (build 9200)
| Command      : upgrade_ip
| Device       : xc7z020clg400-1
------------------------------------------------------------------------------------

Upgrade Log for IP 'design_1_sa_engine_ip_0_0'

1. Summary
----------

SUCCESS in the upgrade of design_1_sa_engine_ip_0_0 (xilinx.com:user:sa_engine_ip:1.0) from (Rev. 6) to (Rev. 9)






Copyright 1986-2021 Xilinx, Inc. All Rights Reserved.
------------------------------------------------------------------------------------
| Tool Version : Vivado v.2021.2 (win64) Build 3367213 Tue Oct 19 02:48:09 MDT 2021
| Date         : Tue Oct 14 11:22:21 2025
| Host         : BOOK-Q06N8541RB running 64-bit major release  (build 9200)
| Command      : upgrade_ip
| Device       : xc7z020clg400-1
------------------------------------------------------------------------------------

Upgrade Log for IP 'design_1_sa_engine_ip_0_0'

1. Summary
----------

SUCCESS in the upgrade of design_1_sa_engine_ip_0_0 (xilinx.com:user:sa_engine_ip:1.0) from (Rev. 3) to (Rev. 6)






Copyright 1986-2021 Xilinx, Inc. All Rights Reserved.
------------------------------------------------------------------------------------
| Tool Version : Vivado v.2021.2 (win64) Build 3367213 Tue Oct 19 02:48:09 MDT 2021
| Date         : Fri Oct 10 16:19:32 2025
| Host         : BOOK-Q06N8541RB running 64-bit major release  (build 9200)
| Command      : upgrade_ip
| Device       : xc7z020clg400-1
------------------------------------------------------------------------------------

Upgrade Log for IP 'design_1_sa_engine_ip_0_0'

1. Summary
----------

SUCCESS in the upgrade of design_1_sa_engine_ip_0_0 (xilinx.com:user:sa_engine_ip:1.0) from (Rev. 2) to (Rev. 3)






Copyright 1986-2021 Xilinx, Inc. All Rights Reserved.
------------------------------------------------------------------------------------
| Tool Version : Vivado v.2021.2 (win64) Build 3367213 Tue Oct 19 02:48:09 MDT 2021
| Date         : Fri Oct 10 16:00:09 2025
| Host         : BOOK-Q06N8541RB running 64-bit major release  (build 9200)
| Command      : upgrade_ip
| Device       : xc7z020clg400-1
------------------------------------------------------------------------------------

Upgrade Log for IP 'design_1_sa_engine_ip_0_0'

1. Summary
----------

CAUTION (success, with warnings) in the upgrade of design_1_sa_engine_ip_0_0 (xilinx.com:user:sa_engine_ip:1.0) from (Rev. 1) to (Rev. 2)

After upgrade, an IP may have parameter and port differences compared to the original customization. Please review the parameters within the IP customization GUI to ensure proper functionality. Also, please review the updated IP instantiation template to ensure proper connectivity, and update your design if required.

2. Connection Warnings
----------------------

Detected external port differences while upgrading 'design_1_sa_engine_ip_0_0'. These changes may impact your design.


-Upgraded port order differs after port 's00_axi_aclk'


