#-----------------------------------------------------------
# Vivado v2021.2 (64-bit)
# SW Build 3367213 on Tue Oct 19 02:48:09 MDT 2021
# IP Build 3369179 on Thu Oct 21 08:25:16 MDT 2021
# Start of session at: Sat Oct 18 20:16:21 2025
# Process ID: 26280
# Current directory: C:/Users/jaebum324/Desktop/종합설계/Project/cau-capstone-systolic-array
# Command line: vivado.exe -gui_launcher_event rodinguilauncherevent27640 C:\Users\jaebum324\Desktop\종합설계\Project\cau-capstone-systolic-array\capstone_design_final.xpr
# Log file: C:/Users/jaebum324/Desktop/종합설계/Project/cau-capstone-systolic-array/vivado.log
# Journal file: C:/Users/jaebum324/Desktop/종합설계/Project/cau-capstone-systolic-array\vivado.jou
# Running On: DESKTOP-KDQSPRN, OS: Windows, CPU Frequency: 2189 MHz, CPU Physical cores: 12, Host memory: 16718 MB
#-----------------------------------------------------------
start_gui
open_project C:/Users/jaebum324/Desktop/종합설계/Project/cau-capstone-systolic-array/capstone_design_final.xpr
WARNING: [Board 49-26] cannot add Board Part xilinx.com:ac701:part0:1.4 available at C:/Xilinx/Vivado/2021.2/data/xhub/boards/XilinxBoardStore/boards/Xilinx/ac701/1.4/board.xml as part xc7a200tfbg676-2 specified in board_part file is either invalid or not available
WARNING: [Board 49-26] cannot add Board Part xilinx.com:kc705:part0:1.6 available at C:/Xilinx/Vivado/2021.2/data/xhub/boards/XilinxBoardStore/boards/Xilinx/kc705/1.6/board.xml as part xc7k325tffg900-2 specified in board_part file is either invalid or not available
WARNING: [Board 49-26] cannot add Board Part xilinx.com:kcu105:part0:1.6 available at C:/Xilinx/Vivado/2021.2/data/xhub/boards/XilinxBoardStore/boards/Xilinx/kcu105/1.6/board.xml as part xcku040-ffva1156-2-e specified in board_part file is either invalid or not available
WARNING: [Board 49-26] cannot add Board Part xilinx.com:kcu105:part0:1.7 available at C:/Xilinx/Vivado/2021.2/data/xhub/boards/XilinxBoardStore/boards/Xilinx/kcu105/1.7/board.xml as part xcku040-ffva1156-2-e specified in board_part file is either invalid or not available
WARNING: [Board 49-26] cannot add Board Part xilinx.com:kcu116:part0:1.4 available at C:/Xilinx/Vivado/2021.2/data/xhub/boards/XilinxBoardStore/boards/Xilinx/kcu116/1.4/board.xml as part xcku5p-ffvb676-2-e specified in board_part file is either invalid or not available
WARNING: [Board 49-26] cannot add Board Part xilinx.com:kcu116:part0:1.5 available at C:/Xilinx/Vivado/2021.2/data/xhub/boards/XilinxBoardStore/boards/Xilinx/kcu116/1.5/board.xml as part xcku5p-ffvb676-2-e specified in board_part file is either invalid or not available
WARNING: [Board 49-26] cannot add Board Part xilinx.com:kcu1500:part0:1.2 available at C:/Xilinx/Vivado/2021.2/data/xhub/boards/XilinxBoardStore/boards/Xilinx/kcu1500/1.2/board.xml as part xcku115-flvb2104-2-e specified in board_part file is either invalid or not available
WARNING: [Board 49-26] cannot add Board Part xilinx.com:sp701:part0:1.0 available at C:/Xilinx/Vivado/2021.2/data/xhub/boards/XilinxBoardStore/boards/Xilinx/sp701/1.0/board.xml as part xc7s100fgga676-2 specified in board_part file is either invalid or not available
WARNING: [Board 49-26] cannot add Board Part xilinx.com:sp701:part0:1.1 available at C:/Xilinx/Vivado/2021.2/data/xhub/boards/XilinxBoardStore/boards/Xilinx/sp701/1.1/board.xml as part xc7s100fgga676-2 specified in board_part file is either invalid or not available
WARNING: [Board 49-26] cannot add Board Part xilinx.com:vc707:part0:1.4 available at C:/Xilinx/Vivado/2021.2/data/xhub/boards/XilinxBoardStore/boards/Xilinx/vc707/1.4/board.xml as part xc7vx485tffg1761-2 specified in board_part file is either invalid or not available
WARNING: [Board 49-26] cannot add Board Part xilinx.com:vc709:part0:1.8 available at C:/Xilinx/Vivado/2021.2/data/xhub/boards/XilinxBoardStore/boards/Xilinx/vc709/1.8/board.xml as part xc7vx690tffg1761-2 specified in board_part file is either invalid or not available
WARNING: [Board 49-26] cannot add Board Part xilinx.com:vck190:part0:2.2 available at C:/Xilinx/Vivado/2021.2/data/xhub/boards/XilinxBoardStore/boards/Xilinx/vck190/production/2.2/board.xml as part xcvc1902-vsva2197-2mp-e-s specified in board_part file is either invalid or not available
WARNING: [Board 49-26] cannot add Board Part xilinx.com:vck190_es:part0:1.3 available at C:/Xilinx/Vivado/2021.2/data/xhub/boards/XilinxBoardStore/boards/Xilinx/vck190/es/1.3/board.xml as part xcvc1902-vsva2197-2mp-e-s-es1 specified in board_part file is either invalid or not available
WARNING: [Board 49-26] cannot add Board Part xilinx.com:vcu108:part0:1.6 available at C:/Xilinx/Vivado/2021.2/data/xhub/boards/XilinxBoardStore/boards/Xilinx/vcu108/1.6/board.xml as part xcvu095-ffva2104-2-e specified in board_part file is either invalid or not available
WARNING: [Board 49-26] cannot add Board Part xilinx.com:vcu108:part0:1.7 available at C:/Xilinx/Vivado/2021.2/data/xhub/boards/XilinxBoardStore/boards/Xilinx/vcu108/1.7/board.xml as part xcvu095-ffva2104-2-e specified in board_part file is either invalid or not available
WARNING: [Board 49-26] cannot add Board Part xilinx.com:vcu110:part0:1.4 available at C:/Xilinx/Vivado/2021.2/data/xhub/boards/XilinxBoardStore/boards/Xilinx/vcu110/1.4/board.xml as part xcvu190-flgc2104-2-e specified in board_part file is either invalid or not available
WARNING: [Board 49-26] cannot add Board Part xilinx.com:vcu118:part0:2.0 available at C:/Xilinx/Vivado/2021.2/data/xhub/boards/XilinxBoardStore/boards/Xilinx/vcu118/2.0/board.xml as part xcvu9p-flga2104-2l-e specified in board_part file is either invalid or not available
WARNING: [Board 49-26] cannot add Board Part xilinx.com:vcu118:part0:2.3 available at C:/Xilinx/Vivado/2021.2/data/xhub/boards/XilinxBoardStore/boards/Xilinx/vcu118/2.3/board.xml as part xcvu9p-flga2104-2l-e specified in board_part file is either invalid or not available
WARNING: [Board 49-26] cannot add Board Part xilinx.com:vcu118:part0:2.4 available at C:/Xilinx/Vivado/2021.2/data/xhub/boards/XilinxBoardStore/boards/Xilinx/vcu118/2.4/board.xml as part xcvu9p-flga2104-2l-e specified in board_part file is either invalid or not available
WARNING: [Board 49-26] cannot add Board Part xilinx.com:vcu128:part0:1.0 available at C:/Xilinx/Vivado/2021.2/data/xhub/boards/XilinxBoardStore/boards/Xilinx/vcu128/production/1.0/board.xml as part xcvu37p-fsvh2892-2l-e specified in board_part file is either invalid or not available
WARNING: [Board 49-26] cannot add Board Part xilinx.com:vcu129:part0:1.0 available at C:/Xilinx/Vivado/2021.2/data/xhub/boards/XilinxBoardStore/boards/Xilinx/vcu129/production/1.0/board.xml as part xcvu29p-fsga2577-2l-e specified in board_part file is either invalid or not available
WARNING: [Board 49-26] cannot add Board Part xilinx.com:vcu1525:part0:1.3 available at C:/Xilinx/Vivado/2021.2/data/xhub/boards/XilinxBoardStore/boards/Xilinx/vcu1525/1.3/board.xml as part xcvu9p-fsgd2104-2l-e specified in board_part file is either invalid or not available
WARNING: [Board 49-26] cannot add Board Part xilinx.com:vermeo_t1_mpsoc:part0:1.0 available at C:/Xilinx/Vivado/2021.2/data/xhub/boards/XilinxBoardStore/boards/Xilinx/vermeo_t1_mpsoc/1.0/board.xml as part xczu19eg-ffvd1760-2l-e specified in board_part file is either invalid or not available
WARNING: [Board 49-26] cannot add Board Part xilinx.com:vermeo_t1_rfsoc:part0:1.0 available at C:/Xilinx/Vivado/2021.2/data/xhub/boards/XilinxBoardStore/boards/Xilinx/vermeo_t1_rfsoc/1.0/board.xml as part xczu21dr-ffvd1156-2l-e specified in board_part file is either invalid or not available
WARNING: [Board 49-26] cannot add Board Part xilinx.com:vmk180:part0:2.2 available at C:/Xilinx/Vivado/2021.2/data/xhub/boards/XilinxBoardStore/boards/Xilinx/vmk180/production/2.2/board.xml as part xcvm1802-vsva2197-2mp-e-s specified in board_part file is either invalid or not available
WARNING: [Board 49-26] cannot add Board Part xilinx.com:vmk180_es:part0:1.3 available at C:/Xilinx/Vivado/2021.2/data/xhub/boards/XilinxBoardStore/boards/Xilinx/vmk180/es/1.3/board.xml as part xcvm1802-vsva2197-2mp-e-s-es1 specified in board_part file is either invalid or not available
WARNING: [Board 49-26] cannot add Board Part xilinx.com:vpk120_es:part0:1.2 available at C:/Xilinx/Vivado/2021.2/data/xhub/boards/XilinxBoardStore/boards/Xilinx/vpk120/es/1.2/board.xml as part xcvp1202-vsva2785-2mp-e-s-es1 specified in board_part file is either invalid or not available
WARNING: [Board 49-26] cannot add Board Part xilinx.com:zc706:part0:1.4 available at C:/Xilinx/Vivado/2021.2/data/xhub/boards/XilinxBoardStore/boards/Xilinx/zc706/1.4/board.xml as part xc7z045ffg900-2 specified in board_part file is either invalid or not available
WARNING: [Board 49-26] cannot add Board Part xilinx.com:zcu102:part0:3.3 available at C:/Xilinx/Vivado/2021.2/data/xhub/boards/XilinxBoardStore/boards/Xilinx/zcu102/3.3/board.xml as part xczu9eg-ffvb1156-2-e specified in board_part file is either invalid or not available
WARNING: [Board 49-26] cannot add Board Part xilinx.com:zcu102:part0:3.4 available at C:/Xilinx/Vivado/2021.2/data/xhub/boards/XilinxBoardStore/boards/Xilinx/zcu102/3.4/board.xml as part xczu9eg-ffvb1156-2-e specified in board_part file is either invalid or not available
WARNING: [Board 49-26] cannot add Board Part xilinx.com:zcu111:part0:1.2 available at C:/Xilinx/Vivado/2021.2/data/xhub/boards/XilinxBoardStore/boards/Xilinx/zcu111/1.2/board.xml as part xczu28dr-ffvg1517-2-e specified in board_part file is either invalid or not available
WARNING: [Board 49-26] cannot add Board Part xilinx.com:zcu111:part0:1.3 available at C:/Xilinx/Vivado/2021.2/data/xhub/boards/XilinxBoardStore/boards/Xilinx/zcu111/1.3/board.xml as part xczu28dr-ffvg1517-2-e specified in board_part file is either invalid or not available
WARNING: [Board 49-26] cannot add Board Part xilinx.com:zcu111:part0:1.4 available at C:/Xilinx/Vivado/2021.2/data/xhub/boards/XilinxBoardStore/boards/Xilinx/zcu111/1.4/board.xml as part xczu28dr-ffvg1517-2-e specified in board_part file is either invalid or not available
WARNING: [Board 49-26] cannot add Board Part xilinx.com:zcu1275:part0:1.0 available at C:/Xilinx/Vivado/2021.2/data/xhub/boards/XilinxBoardStore/boards/Xilinx/zcu1275/1.0/board.xml as part xczu29dr-ffvf1760-2-e specified in board_part file is either invalid or not available
WARNING: [Board 49-26] cannot add Board Part xilinx.com:zcu1285:part0:1.0 available at C:/Xilinx/Vivado/2021.2/data/xhub/boards/XilinxBoardStore/boards/Xilinx/zcu1285/1.0/board.xml as part xczu39dr-ffvf1760-2-i specified in board_part file is either invalid or not available
WARNING: [Board 49-26] cannot add Board Part xilinx.com:zcu208:part0:2.0 available at C:/Xilinx/Vivado/2021.2/data/xhub/boards/XilinxBoardStore/boards/Xilinx/zcu208/production/2.0/board.xml as part xczu48dr-fsvg1517-2-e specified in board_part file is either invalid or not available
WARNING: [Board 49-26] cannot add Board Part xilinx.com:zcu208_es:part0:1.0 available at C:/Xilinx/Vivado/2021.2/data/xhub/boards/XilinxBoardStore/boards/Xilinx/zcu208/es/1.0/board.xml as part xczu48dr-fsvg1517-2-e-es1 specified in board_part file is either invalid or not available
WARNING: [Board 49-26] cannot add Board Part xilinx.com:zcu208_es:part0:1.1 available at C:/Xilinx/Vivado/2021.2/data/xhub/boards/XilinxBoardStore/boards/Xilinx/zcu208/es/1.1/board.xml as part xczu48dr-fsvg1517-2-e-es1 specified in board_part file is either invalid or not available
WARNING: [Board 49-26] cannot add Board Part xilinx.com:zcu208_es:part0:1.2 available at C:/Xilinx/Vivado/2021.2/data/xhub/boards/XilinxBoardStore/boards/Xilinx/zcu208/es/1.2/board.xml as part xczu48dr-fsvg1517-2-e-es1 specified in board_part file is either invalid or not available
WARNING: [Board 49-26] cannot add Board Part xilinx.com:zcu208ld:part0:2.0 available at C:/Xilinx/Vivado/2021.2/data/xhub/boards/XilinxBoardStore/boards/Xilinx/zcu208ld/production/2.0/board.xml as part xczu58dr-fsvg1517-2-i specified in board_part file is either invalid or not available
WARNING: [Board 49-26] cannot add Board Part xilinx.com:zcu208ld_es:part0:1.0 available at C:/Xilinx/Vivado/2021.2/data/xhub/boards/XilinxBoardStore/boards/Xilinx/zcu208ld/es/1.0/board.xml as part xczu58dr-fsvg1517-2-i-es1 specified in board_part file is either invalid or not available
WARNING: [Board 49-26] cannot add Board Part xilinx.com:zcu216:part0:2.0 available at C:/Xilinx/Vivado/2021.2/data/xhub/boards/XilinxBoardStore/boards/Xilinx/zcu216/production/2.0/board.xml as part xczu49dr-ffvf1760-2-e specified in board_part file is either invalid or not available
WARNING: [Board 49-26] cannot add Board Part xilinx.com:zcu216_es:part0:1.0 available at C:/Xilinx/Vivado/2021.2/data/xhub/boards/XilinxBoardStore/boards/Xilinx/zcu216/es/1.0/board.xml as part xczu49dr-ffvf1760-2-e-es1 specified in board_part file is either invalid or not available
WARNING: [Board 49-26] cannot add Board Part xilinx.com:zcu216_es:part0:1.1 available at C:/Xilinx/Vivado/2021.2/data/xhub/boards/XilinxBoardStore/boards/Xilinx/zcu216/es/1.1/board.xml as part xczu49dr-ffvf1760-2-e-es1 specified in board_part file is either invalid or not available
WARNING: [Board 49-26] cannot add Board Part xilinx.com:zcu216_es:part0:1.2 available at C:/Xilinx/Vivado/2021.2/data/xhub/boards/XilinxBoardStore/boards/Xilinx/zcu216/es/1.2/board.xml as part xczu49dr-ffvf1760-2-e-es1 specified in board_part file is either invalid or not available
WARNING: [Board 49-26] cannot add Board Part xilinx.com:zcu216ld:part0:2.0 available at C:/Xilinx/Vivado/2021.2/data/xhub/boards/XilinxBoardStore/boards/Xilinx/zcu216ld/production/2.0/board.xml as part xczu59dr-ffvf1760-2-i specified in board_part file is either invalid or not available
WARNING: [Board 49-26] cannot add Board Part xilinx.com:zcu216ld_es:part0:1.0 available at C:/Xilinx/Vivado/2021.2/data/xhub/boards/XilinxBoardStore/boards/Xilinx/zcu216ld/es/1.0/board.xml as part xczu59dr-ffvf1760-2-i-es1 specified in board_part file is either invalid or not available
WARNING: [Board 49-26] cannot add Board Part xilinx.com:zcu670:part0:1.0 available at C:/Xilinx/Vivado/2021.2/data/xhub/boards/XilinxBoardStore/boards/Xilinx/zcu670/1.0/board.xml as part xczu67dr-fsve1156-2-i specified in board_part file is either invalid or not available
INFO: [Project 1-313] Project file moved from 'C:/Users/sudea/capstone_design_final' since last save.
Scanning sources...
Finished scanning sources
INFO: [Project 1-1877] Auto incremental dir location 'C:/Users/sudea/capstone_design_final/capstone_design_final.srcs/utils_1/imports/synth_1' of run 'synth_1' is not writable, setting it to default location 'C:/Users/jaebum324/Desktop/종합설계/Project/cau-capstone-systolic-array/capstone_design_final.srcs/utils_1/imports/synth_1'.
INFO: [Project 1-1877] Auto incremental dir location 'C:/Users/sudea/capstone_design_final/capstone_design_final.srcs/utils_1/imports/design_1_processing_system7_0_0_synth_1' of run 'design_1_processing_system7_0_0_synth_1' is not writable, setting it to default location 'C:/Users/jaebum324/Desktop/종합설계/Project/cau-capstone-systolic-array/capstone_design_final.srcs/utils_1/imports/design_1_processing_system7_0_0_synth_1'.
INFO: [Project 1-1877] Auto incremental dir location 'C:/Users/sudea/capstone_design_final/capstone_design_final.srcs/utils_1/imports/design_1_xbar_0_synth_1' of run 'design_1_xbar_0_synth_1' is not writable, setting it to default location 'C:/Users/jaebum324/Desktop/종합설계/Project/cau-capstone-systolic-array/capstone_design_final.srcs/utils_1/imports/design_1_xbar_0_synth_1'.
INFO: [Project 1-1877] Auto incremental dir location 'C:/Users/sudea/capstone_design_final/capstone_design_final.srcs/utils_1/imports/design_1_rst_ps7_0_100M_0_synth_1' of run 'design_1_rst_ps7_0_100M_0_synth_1' is not writable, setting it to default location 'C:/Users/jaebum324/Desktop/종합설계/Project/cau-capstone-systolic-array/capstone_design_final.srcs/utils_1/imports/design_1_rst_ps7_0_100M_0_synth_1'.
INFO: [Project 1-1877] Auto incremental dir location 'C:/Users/sudea/capstone_design_final/capstone_design_final.srcs/utils_1/imports/design_1_sa_engine_ip_0_0_synth_1' of run 'design_1_sa_engine_ip_0_0_synth_1' is not writable, setting it to default location 'C:/Users/jaebum324/Desktop/종합설계/Project/cau-capstone-systolic-array/capstone_design_final.srcs/utils_1/imports/design_1_sa_engine_ip_0_0_synth_1'.
INFO: [Project 1-1877] Auto incremental dir location 'C:/Users/sudea/capstone_design_final/capstone_design_final.srcs/utils_1/imports/impl_1' of run 'impl_1' is not writable, setting it to default location 'C:/Users/jaebum324/Desktop/종합설계/Project/cau-capstone-systolic-array/capstone_design_final.srcs/utils_1/imports/impl_1'.
INFO: [Project 1-1877] Auto incremental dir location 'C:/Users/sudea/capstone_design_final/capstone_design_final.srcs/utils_1/imports/design_1_processing_system7_0_0_impl_1' of run 'design_1_processing_system7_0_0_impl_1' is not writable, setting it to default location 'C:/Users/jaebum324/Desktop/종합설계/Project/cau-capstone-systolic-array/capstone_design_final.srcs/utils_1/imports/design_1_processing_system7_0_0_impl_1'.
INFO: [Project 1-1877] Auto incremental dir location 'C:/Users/sudea/capstone_design_final/capstone_design_final.srcs/utils_1/imports/design_1_xbar_0_impl_1' of run 'design_1_xbar_0_impl_1' is not writable, setting it to default location 'C:/Users/jaebum324/Desktop/종합설계/Project/cau-capstone-systolic-array/capstone_design_final.srcs/utils_1/imports/design_1_xbar_0_impl_1'.
INFO: [Project 1-1877] Auto incremental dir location 'C:/Users/sudea/capstone_design_final/capstone_design_final.srcs/utils_1/imports/design_1_rst_ps7_0_100M_0_impl_1' of run 'design_1_rst_ps7_0_100M_0_impl_1' is not writable, setting it to default location 'C:/Users/jaebum324/Desktop/종합설계/Project/cau-capstone-systolic-array/capstone_design_final.srcs/utils_1/imports/design_1_rst_ps7_0_100M_0_impl_1'.
INFO: [Project 1-1877] Auto incremental dir location 'C:/Users/sudea/capstone_design_final/capstone_design_final.srcs/utils_1/imports/design_1_sa_engine_ip_0_0_impl_1' of run 'design_1_sa_engine_ip_0_0_impl_1' is not writable, setting it to default location 'C:/Users/jaebum324/Desktop/종합설계/Project/cau-capstone-systolic-array/capstone_design_final.srcs/utils_1/imports/design_1_sa_engine_ip_0_0_impl_1'.
INFO: [IP_Flow 19-234] Refreshing IP repositories
INFO: [IP_Flow 19-1700] Loaded user IP repository 'c:/Users/jaebum324/Desktop/종합설계/Project/cau-capstone-systolic-array/sa_engine_ip_1.0'.
INFO: [IP_Flow 19-2313] Loaded Vivado IP repository 'C:/Xilinx/Vivado/2021.2/data/ip'.
open_project: Time (s): cpu = 00:00:24 ; elapsed = 00:00:16 . Memory (MB): peak = 1240.434 ; gain = 0.000
update_compile_order -fileset sources_1
open_bd_design {C:/Users/jaebum324/Desktop/종합설계/Project/cau-capstone-systolic-array/capstone_design_final.srcs/sources_1/bd/design_1/design_1.bd}
Reading block design file <C:/Users/jaebum324/Desktop/종합설계/Project/cau-capstone-systolic-array/capstone_design_final.srcs/sources_1/bd/design_1/design_1.bd>...
Adding component instance block -- xilinx.com:ip:processing_system7:5.5 - processing_system7_0
Adding component instance block -- xilinx.com:ip:axi_interconnect:2.1 - axi_mem_intercon
Adding component instance block -- xilinx.com:ip:axi_crossbar:2.1 - xbar
Adding component instance block -- xilinx.com:ip:axi_dwidth_converter:2.1 - auto_us
Adding component instance block -- xilinx.com:ip:axi_dwidth_converter:2.1 - auto_ds
Adding component instance block -- xilinx.com:ip:axi_protocol_converter:2.1 - auto_pc
Adding component instance block -- xilinx.com:ip:axi_protocol_converter:2.1 - auto_pc
Adding component instance block -- xilinx.com:ip:axi_mmu:2.1 - s00_mmu
Adding component instance block -- xilinx.com:ip:proc_sys_reset:5.0 - rst_ps7_0_100M
Adding component instance block -- xilinx.com:ip:axi_interconnect:2.1 - ps7_0_axi_periph
Adding component instance block -- xilinx.com:ip:axi_protocol_converter:2.1 - auto_pc
Adding component instance block -- xilinx.com:user:sa_engine_ip:1.0 - sa_engine_ip_0
Successfully read diagram <design_1> from block design file <C:/Users/jaebum324/Desktop/종합설계/Project/cau-capstone-systolic-array/capstone_design_final.srcs/sources_1/bd/design_1/design_1.bd>
open_bd_design: Time (s): cpu = 00:00:11 ; elapsed = 00:00:17 . Memory (MB): peak = 1240.434 ; gain = 0.000
launch_simulation
Command: launch_simulation 
INFO: [Vivado 12-12493] Simulation top is 'sa_engine_tb'
WARNING: [Vivado 12-12986] Compiled library path does not exist: ''
INFO: [Vivado 12-5698] Checking validity of IPs in the design for the 'XSim' simulator...
INFO: [Runs 36-567] Checking/generating simulation output products for IPs/BDs (if any)...
INFO: [Vivado 12-5682] Launching behavioral simulation in 'C:/Users/jaebum324/Desktop/종합설계/Project/cau-capstone-systolic-array/capstone_design_final.sim/sim_1/behav/xsim'
INFO: [Vivado 12-4795] Using compiled simulation libraries for IPs
INFO: [SIM-utils-51] Simulation object is 'sim_1'
INFO: [SIM-utils-72] Using boost library from 'C:/Xilinx/Vivado/2021.2/tps/boost_1_72_0'
INFO: [USF-XSim-7] Finding pre-compiled libraries...
INFO: [USF-XSim-11] File 'C:/Xilinx/Vivado/2021.2/data/xsim/xsim.ini' copied to run dir:'C:/Users/jaebum324/Desktop/종합설계/Project/cau-capstone-systolic-array/capstone_design_final.sim/sim_1/behav/xsim'
INFO: [SIM-utils-54] Inspecting design source files for 'sa_engine_tb' in fileset 'sim_1'...
INFO: [SIM-utils-43] Exported 'C:/Users/jaebum324/Desktop/종합설계/Project/cau-capstone-systolic-array/capstone_design_final.sim/sim_1/behav/xsim/matrix_A_B.hex'
INFO: [SIM-utils-43] Exported 'C:/Users/jaebum324/Desktop/종합설계/Project/cau-capstone-systolic-array/capstone_design_final.sim/sim_1/behav/xsim/matrix_A_B.hex'
INFO: [USF-XSim-97] Finding global include files...
INFO: [USF-XSim-98] Fetching design files from 'sim_1'...
INFO: [USF-XSim-2] XSim::Compile design
INFO: [USF-XSim-61] Executing 'COMPILE and ANALYZE' step in 'C:/Users/jaebum324/Desktop/종합설계/Project/cau-capstone-systolic-array/capstone_design_final.sim/sim_1/behav/xsim'
"xvlog --incr --relax -L uvm -L axi_vip_v1_1_11 -L processing_system7_vip_v1_0_13 -L xilinx_vip -prj sa_engine_tb_vlog.prj"
INFO: [VRFC 10-2263] Analyzing Verilog file "C:/Users/jaebum324/Desktop/종합설계/Project/cau-capstone-systolic-array/capstone_design_final.srcs/sim_1/imports/systolic_engine.srcs/sources_1/new/axi_slave_if_sync.v" into library xil_defaultlib
INFO: [VRFC 10-311] analyzing module axi_slave_if_sync
INFO: [VRFC 10-2263] Analyzing Verilog file "C:/Users/jaebum324/Desktop/종합설계/Project/cau-capstone-systolic-array/capstone_design_final.srcs/sim_1/imports/systolic_engine.srcs/sources_1/new/axi_sram_if.v" into library xil_defaultlib
INFO: [VRFC 10-311] analyzing module axi_sram_if
INFO: [VRFC 10-2263] Analyzing Verilog file "C:/Users/jaebum324/Desktop/종합설계/Project/cau-capstone-systolic-array/capstone_design_final.srcs/sim_1/imports/systolic_engine.srcs/sources_1/new/sram.v" into library xil_defaultlib
INFO: [VRFC 10-311] analyzing module sram
INFO: [VRFC 10-2263] Analyzing Verilog file "C:/Users/jaebum324/Desktop/종합설계/Project/cau-capstone-systolic-array/capstone_design_final.srcs/sim_1/imports/systolic_engine.srcs/sources_1/new/sram_ctrl.v" into library xil_defaultlib
INFO: [VRFC 10-311] analyzing module sram_ctrl
INFO: [VRFC 10-2263] Analyzing Verilog file "C:/Users/jaebum324/Desktop/종합설계/Project/cau-capstone-systolic-array/capstone_design_final.srcs/sim_1/imports/systolic_engine.srcs/sources_1/new/sync_reg_fifo.v" into library xil_defaultlib
INFO: [VRFC 10-311] analyzing module sync_reg_fifo
INFO: [VRFC 10-2263] Analyzing SystemVerilog file "C:/Users/jaebum324/Desktop/종합설계/Project/cau-capstone-systolic-array/capstone_design_final.srcs/sim_1/imports/hdl/FSM.sv" into library xil_defaultlib
INFO: [VRFC 10-311] analyzing module FSM
INFO: [VRFC 10-2263] Analyzing SystemVerilog file "C:/Users/jaebum324/Desktop/종합설계/Project/cau-capstone-systolic-array/capstone_design_final.srcs/sim_1/imports/hdl/RF.sv" into library xil_defaultlib
INFO: [VRFC 10-311] analyzing module RF
INFO: [VRFC 10-2263] Analyzing SystemVerilog file "C:/Users/jaebum324/Desktop/종합설계/Project/cau-capstone-systolic-array/capstone_design_final.srcs/sim_1/imports/hdl/SystolicArray.sv" into library xil_defaultlib
INFO: [VRFC 10-311] analyzing module SystolicArray
INFO: [VRFC 10-2263] Analyzing SystemVerilog file "C:/Users/jaebum324/Desktop/종합설계/Project/cau-capstone-systolic-array/capstone_design_final.srcs/sim_1/imports/hdl/X_REG.sv" into library xil_defaultlib
INFO: [VRFC 10-311] analyzing module X_REG
INFO: [VRFC 10-2263] Analyzing SystemVerilog file "C:/Users/jaebum324/Desktop/종합설계/Project/cau-capstone-systolic-array/capstone_design_final.srcs/sim_1/imports/hdl/axi_dma_ctrl.sv" into library xil_defaultlib
INFO: [VRFC 10-311] analyzing module axi_dma_ctrl
INFO: [VRFC 10-2263] Analyzing SystemVerilog file "C:/Users/jaebum324/Desktop/종합설계/Project/cau-capstone-systolic-array/capstone_design_final.srcs/sim_1/imports/hdl/controller.sv" into library xil_defaultlib
INFO: [VRFC 10-311] analyzing module controller
INFO: [VRFC 10-2263] Analyzing SystemVerilog file "C:/Users/jaebum324/Desktop/종합설계/Project/cau-capstone-systolic-array/capstone_design_final.srcs/sim_1/imports/hdl/dma_read.sv" into library xil_defaultlib
INFO: [VRFC 10-311] analyzing module dma_read
INFO: [VRFC 10-2263] Analyzing SystemVerilog file "C:/Users/jaebum324/Desktop/종합설계/Project/cau-capstone-systolic-array/capstone_design_final.srcs/sim_1/imports/hdl/dma_write.sv" into library xil_defaultlib
INFO: [VRFC 10-311] analyzing module dma_write
INFO: [VRFC 10-2263] Analyzing SystemVerilog file "C:/Users/jaebum324/Desktop/종합설계/Project/cau-capstone-systolic-array/capstone_design_final.srcs/sim_1/imports/hdl/dpram_wrapper.sv" into library xil_defaultlib
INFO: [VRFC 10-311] analyzing module dpram_wrapper
INFO: [VRFC 10-2263] Analyzing SystemVerilog file "C:/Users/jaebum324/Desktop/종합설계/Project/cau-capstone-systolic-array/capstone_design_final.srcs/sim_1/imports/hdl/hPE.sv" into library xil_defaultlib
INFO: [VRFC 10-311] analyzing module hPE
INFO: [VRFC 10-2263] Analyzing SystemVerilog file "C:/Users/jaebum324/Desktop/종합설계/Project/cau-capstone-systolic-array/capstone_design_final.srcs/sim_1/imports/hdl/sa_core.sv" into library xil_defaultlib
INFO: [VRFC 10-311] analyzing module sa_core
INFO: [VRFC 10-2458] undeclared symbol controller_pipe_load_done, assumed default net type wire [C:/Users/jaebum324/Desktop/종합설계/Project/cau-capstone-systolic-array/capstone_design_final.srcs/sim_1/imports/hdl/sa_core.sv:436]
INFO: [VRFC 10-2263] Analyzing SystemVerilog file "C:/Users/jaebum324/Desktop/종합설계/Project/cau-capstone-systolic-array/capstone_design_final.srcs/sim_1/imports/hdl/sa_core_pipeline.sv" into library xil_defaultlib
INFO: [VRFC 10-311] analyzing module sa_core_pipeline
INFO: [VRFC 10-2263] Analyzing SystemVerilog file "C:/Users/jaebum324/Desktop/종합설계/Project/cau-capstone-systolic-array/capstone_design_final.srcs/sim_1/imports/hdl/sa_engine_top.sv" into library xil_defaultlib
INFO: [VRFC 10-311] analyzing module sa_engine_top
INFO: [VRFC 10-2263] Analyzing SystemVerilog file "C:/Users/jaebum324/Desktop/종합설계/Project/cau-capstone-systolic-array/capstone_design_final.srcs/sim_1/imports/hdl/tile8x8.sv" into library xil_defaultlib
INFO: [VRFC 10-311] analyzing module tile8x8
INFO: [VRFC 10-2263] Analyzing Verilog file "C:/Users/jaebum324/Desktop/종합설계/Project/cau-capstone-systolic-array/capstone_design_final.srcs/sim_1/imports/systolic_engine.srcs/sim_1/new/sa_engine_tb.v" into library xil_defaultlib
INFO: [VRFC 10-311] analyzing module sa_engine_tb
INFO: [VRFC 10-2458] undeclared symbol network_done, assumed default net type wire [C:/Users/jaebum324/Desktop/종합설계/Project/cau-capstone-systolic-array/capstone_design_final.srcs/sim_1/imports/systolic_engine.srcs/sim_1/new/sa_engine_tb.v:218]
INFO: [VRFC 10-2458] undeclared symbol network_done_led, assumed default net type wire [C:/Users/jaebum324/Desktop/종합설계/Project/cau-capstone-systolic-array/capstone_design_final.srcs/sim_1/imports/systolic_engine.srcs/sim_1/new/sa_engine_tb.v:219]
INFO: [VRFC 10-2263] Analyzing Verilog file "C:/Users/jaebum324/Desktop/종합설계/Project/cau-capstone-systolic-array/capstone_design_final.sim/sim_1/behav/xsim/glbl.v" into library xil_defaultlib
INFO: [VRFC 10-311] analyzing module glbl
INFO: [USF-XSim-69] 'compile' step finished in '3' seconds
INFO: [USF-XSim-3] XSim::Elaborate design
INFO: [USF-XSim-61] Executing 'ELABORATE' step in 'C:/Users/jaebum324/Desktop/종합설계/Project/cau-capstone-systolic-array/capstone_design_final.sim/sim_1/behav/xsim'
"xelab --incr --debug typical --relax --mt 2 -L xil_defaultlib -L uvm -L xilinx_vip -L unisims_ver -L unimacro_ver -L secureip -L xpm --snapshot sa_engine_tb_behav xil_defaultlib.sa_engine_tb xil_defaultlib.glbl -log elaborate.log"
Vivado Simulator v2021.2
Copyright 1986-1999, 2001-2021 Xilinx, Inc. All Rights Reserved.
Running: C:/Xilinx/Vivado/2021.2/bin/unwrapped/win64.o/xelab.exe --incr --debug typical --relax --mt 2 -L xil_defaultlib -L uvm -L xilinx_vip -L unisims_ver -L unimacro_ver -L secureip -L xpm --snapshot sa_engine_tb_behav xil_defaultlib.sa_engine_tb xil_defaultlib.glbl -log elaborate.log 
Using 2 slave threads.
Starting static elaboration
Pass Through NonSizing Optimizer
WARNING: [VRFC 10-3091] actual bit length 19 differs from formal bit length 8 for port 'A_out' [C:/Users/jaebum324/Desktop/종합설계/Project/cau-capstone-systolic-array/capstone_design_final.srcs/sim_1/imports/hdl/tile8x8.sv:59]
WARNING: [VRFC 10-3091] actual bit length 19 differs from formal bit length 8 for port 'A_out' [C:/Users/jaebum324/Desktop/종합설계/Project/cau-capstone-systolic-array/capstone_design_final.srcs/sim_1/imports/hdl/tile8x8.sv:70]
WARNING: [VRFC 10-3091] actual bit length 19 differs from formal bit length 8 for port 'A_out' [C:/Users/jaebum324/Desktop/종합설계/Project/cau-capstone-systolic-array/capstone_design_final.srcs/sim_1/imports/hdl/tile8x8.sv:81]
WARNING: [VRFC 10-3091] actual bit length 19 differs from formal bit length 8 for port 'A_out' [C:/Users/jaebum324/Desktop/종합설계/Project/cau-capstone-systolic-array/capstone_design_final.srcs/sim_1/imports/hdl/tile8x8.sv:92]
WARNING: [VRFC 10-3091] actual bit length 19 differs from formal bit length 8 for port 'A_out' [C:/Users/jaebum324/Desktop/종합설계/Project/cau-capstone-systolic-array/capstone_design_final.srcs/sim_1/imports/hdl/tile8x8.sv:103]
WARNING: [VRFC 10-3091] actual bit length 19 differs from formal bit length 8 for port 'A_out' [C:/Users/jaebum324/Desktop/종합설계/Project/cau-capstone-systolic-array/capstone_design_final.srcs/sim_1/imports/hdl/tile8x8.sv:114]
WARNING: [VRFC 10-3091] actual bit length 19 differs from formal bit length 8 for port 'A_out' [C:/Users/jaebum324/Desktop/종합설계/Project/cau-capstone-systolic-array/capstone_design_final.srcs/sim_1/imports/hdl/tile8x8.sv:125]
WARNING: [VRFC 10-3091] actual bit length 19 differs from formal bit length 8 for port 'B_out' [C:/Users/jaebum324/Desktop/종합설계/Project/cau-capstone-systolic-array/capstone_design_final.srcs/sim_1/imports/hdl/tile8x8.sv:129]
WARNING: [VRFC 10-3091] actual bit length 19 differs from formal bit length 8 for port 'B_out' [C:/Users/jaebum324/Desktop/종합설계/Project/cau-capstone-systolic-array/capstone_design_final.srcs/sim_1/imports/hdl/tile8x8.sv:130]
WARNING: [VRFC 10-3091] actual bit length 19 differs from formal bit length 8 for port 'B_out' [C:/Users/jaebum324/Desktop/종합설계/Project/cau-capstone-systolic-array/capstone_design_final.srcs/sim_1/imports/hdl/tile8x8.sv:131]
WARNING: [VRFC 10-3091] actual bit length 19 differs from formal bit length 8 for port 'B_out' [C:/Users/jaebum324/Desktop/종합설계/Project/cau-capstone-systolic-array/capstone_design_final.srcs/sim_1/imports/hdl/tile8x8.sv:132]
WARNING: [VRFC 10-3091] actual bit length 19 differs from formal bit length 8 for port 'B_out' [C:/Users/jaebum324/Desktop/종합설계/Project/cau-capstone-systolic-array/capstone_design_final.srcs/sim_1/imports/hdl/tile8x8.sv:133]
WARNING: [VRFC 10-3091] actual bit length 19 differs from formal bit length 8 for port 'B_out' [C:/Users/jaebum324/Desktop/종합설계/Project/cau-capstone-systolic-array/capstone_design_final.srcs/sim_1/imports/hdl/tile8x8.sv:134]
WARNING: [VRFC 10-3091] actual bit length 19 differs from formal bit length 8 for port 'B_out' [C:/Users/jaebum324/Desktop/종합설계/Project/cau-capstone-systolic-array/capstone_design_final.srcs/sim_1/imports/hdl/tile8x8.sv:135]
WARNING: [VRFC 10-3091] actual bit length 19 differs from formal bit length 8 for port 'A_out' [C:/Users/jaebum324/Desktop/종합설계/Project/cau-capstone-systolic-array/capstone_design_final.srcs/sim_1/imports/hdl/tile8x8.sv:136]
WARNING: [VRFC 10-3091] actual bit length 32 differs from formal bit length 5 for port 'IDX' [C:/Users/jaebum324/Desktop/종합설계/Project/cau-capstone-systolic-array/capstone_design_final.srcs/sim_1/imports/hdl/RF.sv:80]
WARNING: [VRFC 10-3091] actual bit length 32 differs from formal bit length 5 for port 'IDX' [C:/Users/jaebum324/Desktop/종합설계/Project/cau-capstone-systolic-array/capstone_design_final.srcs/sim_1/imports/hdl/RF.sv:83]
WARNING: [VRFC 10-3091] actual bit length 32 differs from formal bit length 5 for port 'IDX' [C:/Users/jaebum324/Desktop/종합설계/Project/cau-capstone-systolic-array/capstone_design_final.srcs/sim_1/imports/hdl/RF.sv:86]
WARNING: [VRFC 10-3091] actual bit length 32 differs from formal bit length 5 for port 'IDX' [C:/Users/jaebum324/Desktop/종합설계/Project/cau-capstone-systolic-array/capstone_design_final.srcs/sim_1/imports/hdl/RF.sv:89]
WARNING: [VRFC 10-3091] actual bit length 32 differs from formal bit length 5 for port 'IDX' [C:/Users/jaebum324/Desktop/종합설계/Project/cau-capstone-systolic-array/capstone_design_final.srcs/sim_1/imports/hdl/RF.sv:92]
WARNING: [VRFC 10-3091] actual bit length 32 differs from formal bit length 5 for port 'IDX' [C:/Users/jaebum324/Desktop/종합설계/Project/cau-capstone-systolic-array/capstone_design_final.srcs/sim_1/imports/hdl/RF.sv:95]
WARNING: [VRFC 10-3091] actual bit length 32 differs from formal bit length 5 for port 'IDX' [C:/Users/jaebum324/Desktop/종합설계/Project/cau-capstone-systolic-array/capstone_design_final.srcs/sim_1/imports/hdl/RF.sv:98]
WARNING: [VRFC 10-3091] actual bit length 32 differs from formal bit length 5 for port 'IDX' [C:/Users/jaebum324/Desktop/종합설계/Project/cau-capstone-systolic-array/capstone_design_final.srcs/sim_1/imports/hdl/RF.sv:108]
WARNING: [VRFC 10-3091] actual bit length 32 differs from formal bit length 5 for port 'IDX' [C:/Users/jaebum324/Desktop/종합설계/Project/cau-capstone-systolic-array/capstone_design_final.srcs/sim_1/imports/hdl/RF.sv:111]
WARNING: [VRFC 10-3091] actual bit length 32 differs from formal bit length 5 for port 'IDX' [C:/Users/jaebum324/Desktop/종합설계/Project/cau-capstone-systolic-array/capstone_design_final.srcs/sim_1/imports/hdl/RF.sv:114]
WARNING: [VRFC 10-3091] actual bit length 32 differs from formal bit length 5 for port 'IDX' [C:/Users/jaebum324/Desktop/종합설계/Project/cau-capstone-systolic-array/capstone_design_final.srcs/sim_1/imports/hdl/RF.sv:117]
WARNING: [VRFC 10-3091] actual bit length 32 differs from formal bit length 5 for port 'IDX' [C:/Users/jaebum324/Desktop/종합설계/Project/cau-capstone-systolic-array/capstone_design_final.srcs/sim_1/imports/hdl/RF.sv:120]
WARNING: [VRFC 10-3091] actual bit length 32 differs from formal bit length 5 for port 'IDX' [C:/Users/jaebum324/Desktop/종합설계/Project/cau-capstone-systolic-array/capstone_design_final.srcs/sim_1/imports/hdl/RF.sv:123]
WARNING: [VRFC 10-3091] actual bit length 32 differs from formal bit length 5 for port 'IDX' [C:/Users/jaebum324/Desktop/종합설계/Project/cau-capstone-systolic-array/capstone_design_final.srcs/sim_1/imports/hdl/RF.sv:126]
Completed static elaboration
Starting simulation data flow analysis
WARNING: [XSIM 43-4099] "C:/Users/jaebum324/Desktop/종합설계/Project/cau-capstone-systolic-array/capstone_design_final.srcs/sim_1/imports/systolic_engine.srcs/sources_1/new/axi_sram_if.v" Line 12. Module axi_sram_if(D=32,M=4,MEM_ADDRW=23,MEM_DW=16) doesn't have a timescale but at least one module in design has a timescale.
WARNING: [XSIM 43-4099] "C:/Users/jaebum324/Desktop/종합설계/Project/cau-capstone-systolic-array/capstone_design_final.srcs/sim_1/imports/systolic_engine.srcs/sources_1/new/axi_slave_if_sync.v" Line 12. Module axi_slave_if_sync(L=8,D=32,M=4) doesn't have a timescale but at least one module in design has a timescale.
WARNING: [XSIM 43-4099] "C:/Users/jaebum324/Desktop/종합설계/Project/cau-capstone-systolic-array/capstone_design_final.srcs/sim_1/imports/systolic_engine.srcs/sources_1/new/sync_reg_fifo.v" Line 12. Module sync_reg_fifo(N_SLOT=16,W_SLOT=4,W_DATA=49) doesn't have a timescale but at least one module in design has a timescale.
WARNING: [XSIM 43-4099] "C:/Users/jaebum324/Desktop/종합설계/Project/cau-capstone-systolic-array/capstone_design_final.srcs/sim_1/imports/systolic_engine.srcs/sources_1/new/sync_reg_fifo.v" Line 12. Module sync_reg_fifo(N_SLOT=256,W_SLOT=8,W_DATA=41) doesn't have a timescale but at least one module in design has a timescale.
WARNING: [XSIM 43-4099] "C:/Users/jaebum324/Desktop/종합설계/Project/cau-capstone-systolic-array/capstone_design_final.srcs/sim_1/imports/systolic_engine.srcs/sources_1/new/sync_reg_fifo.v" Line 12. Module sync_reg_fifo(N_SLOT=16,W_SLOT=4,W_DATA=49) doesn't have a timescale but at least one module in design has a timescale.
WARNING: [XSIM 43-4099] "C:/Users/jaebum324/Desktop/종합설계/Project/cau-capstone-systolic-array/capstone_design_final.srcs/sim_1/imports/systolic_engine.srcs/sources_1/new/sync_reg_fifo.v" Line 12. Module sync_reg_fifo(N_SLOT=256,W_SLOT=8,W_DATA=39) doesn't have a timescale but at least one module in design has a timescale.
WARNING: [XSIM 43-4099] "C:/Users/jaebum324/Desktop/종합설계/Project/cau-capstone-systolic-array/capstone_design_final.srcs/sim_1/imports/systolic_engine.srcs/sources_1/new/sram_ctrl.v" Line 11. Module sram_ctrl(L=8,D=32,M=4,W_MEM=16,W_ADDR=23) doesn't have a timescale but at least one module in design has a timescale.
WARNING: [XSIM 43-4099] "C:/Users/jaebum324/Desktop/종합설계/Project/cau-capstone-systolic-array/capstone_design_final.srcs/sim_1/imports/systolic_engine.srcs/sources_1/new/sram.v" Line 10. Module sram(FILE_NAME="matrix_A_B.hex",SIZE=8388608,WL_ADDR=23,WL_DATA=16) doesn't have a timescale but at least one module in design has a timescale.
WARNING: [XSIM 43-4099] "C:/Users/jaebum324/Desktop/종합설계/Project/cau-capstone-systolic-array/capstone_design_final.srcs/sim_1/imports/systolic_engine.srcs/sources_1/new/axi_sram_if.v" Line 12. Module axi_sram_if(D=32,M=4,MEM_ADDRW=23,MEM_DW=16) doesn't have a timescale but at least one module in design has a timescale.
WARNING: [XSIM 43-4099] "C:/Users/jaebum324/Desktop/종합설계/Project/cau-capstone-systolic-array/capstone_design_final.srcs/sim_1/imports/systolic_engine.srcs/sources_1/new/axi_slave_if_sync.v" Line 12. Module axi_slave_if_sync(L=8,D=32,M=4) doesn't have a timescale but at least one module in design has a timescale.
WARNING: [XSIM 43-4099] "C:/Users/jaebum324/Desktop/종합설계/Project/cau-capstone-systolic-array/capstone_design_final.srcs/sim_1/imports/systolic_engine.srcs/sources_1/new/sync_reg_fifo.v" Line 12. Module sync_reg_fifo(N_SLOT=16,W_SLOT=4,W_DATA=49) doesn't have a timescale but at least one module in design has a timescale.
WARNING: [XSIM 43-4099] "C:/Users/jaebum324/Desktop/종합설계/Project/cau-capstone-systolic-array/capstone_design_final.srcs/sim_1/imports/systolic_engine.srcs/sources_1/new/sync_reg_fifo.v" Line 12. Module sync_reg_fifo(N_SLOT=256,W_SLOT=8,W_DATA=41) doesn't have a timescale but at least one module in design has a timescale.
WARNING: [XSIM 43-4099] "C:/Users/jaebum324/Desktop/종합설계/Project/cau-capstone-systolic-array/capstone_design_final.srcs/sim_1/imports/systolic_engine.srcs/sources_1/new/sync_reg_fifo.v" Line 12. Module sync_reg_fifo(N_SLOT=16,W_SLOT=4,W_DATA=49) doesn't have a timescale but at least one module in design has a timescale.
WARNING: [XSIM 43-4099] "C:/Users/jaebum324/Desktop/종합설계/Project/cau-capstone-systolic-array/capstone_design_final.srcs/sim_1/imports/systolic_engine.srcs/sources_1/new/sync_reg_fifo.v" Line 12. Module sync_reg_fifo(N_SLOT=256,W_SLOT=8,W_DATA=39) doesn't have a timescale but at least one module in design has a timescale.
WARNING: [XSIM 43-4099] "C:/Users/jaebum324/Desktop/종합설계/Project/cau-capstone-systolic-array/capstone_design_final.srcs/sim_1/imports/systolic_engine.srcs/sources_1/new/sram_ctrl.v" Line 11. Module sram_ctrl(L=8,D=32,M=4,W_MEM=16,W_ADDR=23) doesn't have a timescale but at least one module in design has a timescale.
WARNING: [XSIM 43-4099] "C:/Users/jaebum324/Desktop/종합설계/Project/cau-capstone-systolic-array/capstone_design_final.srcs/sim_1/imports/systolic_engine.srcs/sources_1/new/sram.v" Line 10. Module sram(FILE_NAME="matrix_A_B.hex",SIZE=8388608,WL_ADDR=23,WL_DATA=16) doesn't have a timescale but at least one module in design has a timescale.
Completed simulation data flow analysis
Time Resolution for simulation is 1ps
Compiling module xil_defaultlib.sync_reg_fifo(N_SLOT=16,W_SLOT=4...
Compiling module xil_defaultlib.sync_reg_fifo(N_SLOT=256,W_SLOT=...
Compiling module xil_defaultlib.sync_reg_fifo(N_SLOT=256,W_SLOT=...
Compiling module xil_defaultlib.axi_slave_if_sync(L=8,D=32,M=4)
Compiling module xil_defaultlib.sram_ctrl(L=8,D=32,M=4,W_MEM=16,...
Compiling module xil_defaultlib.axi_sram_if(D=32,M=4,MEM_ADDRW=2...
Compiling module xil_defaultlib.sram(FILE_NAME="matrix_A_B.hex",...
Compiling module xil_defaultlib.axi_dma_ctrl(BIT_TRANS=8)
Compiling module xil_defaultlib.dma_read(BITS_TRANS=8,OUT_BITS_T...
Compiling module xil_defaultlib.dma_write(BITS_TRANS=8,OUT_BITS_...
Compiling module xil_defaultlib.dpram_wrapper(DW=32,AW=11,DEPTH=...
Compiling module xil_defaultlib.hPE
Compiling module xil_defaultlib.tile8x8
Compiling module xil_defaultlib.X_REG
Compiling module xil_defaultlib.RF
Compiling module xil_defaultlib.SystolicArray
Compiling module xil_defaultlib.controller
Compiling module xil_defaultlib.FSM
Compiling module xil_defaultlib.sa_core_default
Compiling module xil_defaultlib.sa_core_pipeline(C_M_AXI_ID_WIDT...
Compiling module xil_defaultlib.sa_engine_top(AXI_WIDTH_DS=4,MEM...
Compiling module xil_defaultlib.sa_engine_tb
Compiling module xil_defaultlib.glbl
Built simulation snapshot sa_engine_tb_behav
run_program: Time (s): cpu = 00:00:01 ; elapsed = 00:00:13 . Memory (MB): peak = 1557.680 ; gain = 0.000
INFO: [USF-XSim-69] 'elaborate' step finished in '13' seconds
INFO: [USF-XSim-4] XSim::Simulate design
INFO: [USF-XSim-61] Executing 'SIMULATE' step in 'C:/Users/jaebum324/Desktop/종합설계/Project/cau-capstone-systolic-array/capstone_design_final.sim/sim_1/behav/xsim'
INFO: [USF-XSim-98] *** Running xsim
   with args "sa_engine_tb_behav -key {Behavioral:sim_1:Functional:sa_engine_tb} -tclbatch {sa_engine_tb.tcl} -protoinst "protoinst_files/design_1.protoinst" -view {C:/Users/jaebum324/Desktop/종합설계/Project/cau-capstone-systolic-array/waveform_data/sa_engine_tb_behav.wcfg} -log {simulate.log}"
INFO: [USF-XSim-8] Loading simulator feature
INFO: [Wavedata 42-565] Reading protoinst file protoinst_files/design_1.protoinst
WARNING: [Wavedata 42-558] Couldn't load one or more protocol instances from protoinst file protoinst_files/design_1.protoinst for the following reason(s):
There are no instances of module "design_1" in the design.

Time resolution is 1 ps
open_wave_config C:/Users/jaebum324/Desktop/종합설계/Project/cau-capstone-systolic-array/waveform_data/sa_engine_tb_behav.wcfg
WARNING: Simulation object /sa_engine_tb/u_sa_engine_top/u_core/u_sa_core/LOAD_DELAY was not found in the design.
WARNING: Simulation object /sa_engine_tb/u_sa_engine_top/u_core/u_sa_core/OUT_DELAY was not found in the design.
WARNING: Simulation object /sa_engine_tb/u_sa_engine_top/u_core/u_sa_core/systolic_core/load_counter was not found in the design.
WARNING: Simulation object /sa_engine_tb/u_sa_engine_top/u_core/u_sa_core/systolic_core/MAX_LOAD_CYCLES was not found in the design.
source sa_engine_tb.tcl
# set curr_wave [current_wave_config]
# if { [string length $curr_wave] == 0 } {
#   if { [llength [get_objects]] > 0} {
#     add_wave /
#     set_property needs_save false [current_wave_config]
#   } else {
#      send_msg_id Add_Wave-1 WARNING "No top level signals found. Simulator will start without a wave window. If you want to open a wave window go to 'File->New Waveform Configuration' or type 'create_wave_config' in the TCL console."
#   }
# }
# run 1ms
Initializing memory 'SimmemSync_rp0_wp0_cp1'..
Loading memory 'SimmemSync_rp0_wp0_cp1' from file: matrix_A_B.hex
network_done received!
$stop called at time : 14600 ns : File "C:/Users/jaebum324/Desktop/종합설계/Project/cau-capstone-systolic-array/capstone_design_final.srcs/sim_1/imports/systolic_engine.srcs/sim_1/new/sa_engine_tb.v" Line 252
xsim: Time (s): cpu = 00:00:06 ; elapsed = 00:00:05 . Memory (MB): peak = 1693.352 ; gain = 135.672
INFO: [USF-XSim-96] XSim completed. Design snapshot 'sa_engine_tb_behav' loaded.
INFO: [USF-XSim-97] XSim simulation ran for 1ms
launch_simulation: Time (s): cpu = 00:00:11 ; elapsed = 00:00:24 . Memory (MB): peak = 1693.738 ; gain = 136.059
close_sim
INFO: [Simtcl 6-16] Simulation closed
launch_simulation
Command: launch_simulation 
INFO: [Vivado 12-12493] Simulation top is 'sa_engine_tb'
WARNING: [Vivado 12-12986] Compiled library path does not exist: ''
INFO: [Vivado 12-5698] Checking validity of IPs in the design for the 'XSim' simulator...
INFO: [Runs 36-567] Checking/generating simulation output products for IPs/BDs (if any)...
INFO: [Vivado 12-5682] Launching behavioral simulation in 'C:/Users/jaebum324/Desktop/종합설계/Project/cau-capstone-systolic-array/capstone_design_final.sim/sim_1/behav/xsim'
INFO: [Vivado 12-4795] Using compiled simulation libraries for IPs
INFO: [SIM-utils-51] Simulation object is 'sim_1'
INFO: [SIM-utils-72] Using boost library from 'C:/Xilinx/Vivado/2021.2/tps/boost_1_72_0'
INFO: [USF-XSim-7] Finding pre-compiled libraries...
INFO: [USF-XSim-11] File 'C:/Xilinx/Vivado/2021.2/data/xsim/xsim.ini' copied to run dir:'C:/Users/jaebum324/Desktop/종합설계/Project/cau-capstone-systolic-array/capstone_design_final.sim/sim_1/behav/xsim'
INFO: [SIM-utils-54] Inspecting design source files for 'sa_engine_tb' in fileset 'sim_1'...
INFO: [SIM-utils-43] Exported 'C:/Users/jaebum324/Desktop/종합설계/Project/cau-capstone-systolic-array/capstone_design_final.sim/sim_1/behav/xsim/matrix_A_B.hex'
INFO: [SIM-utils-43] Exported 'C:/Users/jaebum324/Desktop/종합설계/Project/cau-capstone-systolic-array/capstone_design_final.sim/sim_1/behav/xsim/matrix_A_B.hex'
INFO: [USF-XSim-97] Finding global include files...
INFO: [USF-XSim-98] Fetching design files from 'sim_1'...
INFO: [USF-XSim-2] XSim::Compile design
INFO: [USF-XSim-61] Executing 'COMPILE and ANALYZE' step in 'C:/Users/jaebum324/Desktop/종합설계/Project/cau-capstone-systolic-array/capstone_design_final.sim/sim_1/behav/xsim'
"xvlog --incr --relax -L uvm -L axi_vip_v1_1_11 -L processing_system7_vip_v1_0_13 -L xilinx_vip -prj sa_engine_tb_vlog.prj"
INFO: [VRFC 10-2263] Analyzing Verilog file "C:/Users/jaebum324/Desktop/종합설계/Project/cau-capstone-systolic-array/capstone_design_final.srcs/sim_1/imports/systolic_engine.srcs/sim_1/new/sa_engine_tb.v" into library xil_defaultlib
INFO: [VRFC 10-311] analyzing module sa_engine_tb
INFO: [VRFC 10-2458] undeclared symbol network_done, assumed default net type wire [C:/Users/jaebum324/Desktop/종합설계/Project/cau-capstone-systolic-array/capstone_design_final.srcs/sim_1/imports/systolic_engine.srcs/sim_1/new/sa_engine_tb.v:218]
INFO: [VRFC 10-2458] undeclared symbol network_done_led, assumed default net type wire [C:/Users/jaebum324/Desktop/종합설계/Project/cau-capstone-systolic-array/capstone_design_final.srcs/sim_1/imports/systolic_engine.srcs/sim_1/new/sa_engine_tb.v:219]
ERROR: [VRFC 10-4982] syntax error near 'unsigned' [C:/Users/jaebum324/Desktop/종합설계/Project/cau-capstone-systolic-array/capstone_design_final.srcs/sim_1/imports/systolic_engine.srcs/sim_1/new/sa_engine_tb.v:258]
ERROR: [VRFC 10-2790] Verilog 2000 keyword unsigned used in incorrect context [C:/Users/jaebum324/Desktop/종합설계/Project/cau-capstone-systolic-array/capstone_design_final.srcs/sim_1/imports/systolic_engine.srcs/sim_1/new/sa_engine_tb.v:258]
ERROR: [VRFC 10-4982] syntax error near 'unsigned' [C:/Users/jaebum324/Desktop/종합설계/Project/cau-capstone-systolic-array/capstone_design_final.srcs/sim_1/imports/systolic_engine.srcs/sim_1/new/sa_engine_tb.v:259]
ERROR: [VRFC 10-2790] Verilog 2000 keyword unsigned used in incorrect context [C:/Users/jaebum324/Desktop/종합설계/Project/cau-capstone-systolic-array/capstone_design_final.srcs/sim_1/imports/systolic_engine.srcs/sim_1/new/sa_engine_tb.v:259]
ERROR: [VRFC 10-4982] syntax error near 'unsigned' [C:/Users/jaebum324/Desktop/종합설계/Project/cau-capstone-systolic-array/capstone_design_final.srcs/sim_1/imports/systolic_engine.srcs/sim_1/new/sa_engine_tb.v:260]
ERROR: [VRFC 10-2790] Verilog 2000 keyword unsigned used in incorrect context [C:/Users/jaebum324/Desktop/종합설계/Project/cau-capstone-systolic-array/capstone_design_final.srcs/sim_1/imports/systolic_engine.srcs/sim_1/new/sa_engine_tb.v:260]
ERROR: [VRFC 10-4982] syntax error near ''' [C:/Users/jaebum324/Desktop/종합설계/Project/cau-capstone-systolic-array/capstone_design_final.srcs/sim_1/imports/systolic_engine.srcs/sim_1/new/sa_engine_tb.v:277]
ERROR: [VRFC 10-4982] syntax error near ''' [C:/Users/jaebum324/Desktop/종합설계/Project/cau-capstone-systolic-array/capstone_design_final.srcs/sim_1/imports/systolic_engine.srcs/sim_1/new/sa_engine_tb.v:278]
ERROR: [VRFC 10-4982] syntax error near ''' [C:/Users/jaebum324/Desktop/종합설계/Project/cau-capstone-systolic-array/capstone_design_final.srcs/sim_1/imports/systolic_engine.srcs/sim_1/new/sa_engine_tb.v:279]
ERROR: [VRFC 10-4982] syntax error near ''' [C:/Users/jaebum324/Desktop/종합설계/Project/cau-capstone-systolic-array/capstone_design_final.srcs/sim_1/imports/systolic_engine.srcs/sim_1/new/sa_engine_tb.v:280]
WARNING: [VRFC 10-2096] empty statement in sequential block [C:/Users/jaebum324/Desktop/종합설계/Project/cau-capstone-systolic-array/capstone_design_final.srcs/sim_1/imports/systolic_engine.srcs/sim_1/new/sa_engine_tb.v:274]
ERROR: [VRFC 10-4982] syntax error near 'unsigned' [C:/Users/jaebum324/Desktop/종합설계/Project/cau-capstone-systolic-array/capstone_design_final.srcs/sim_1/imports/systolic_engine.srcs/sim_1/new/sa_engine_tb.v:309]
ERROR: [VRFC 10-2790] Verilog 2000 keyword unsigned used in incorrect context [C:/Users/jaebum324/Desktop/종합설계/Project/cau-capstone-systolic-array/capstone_design_final.srcs/sim_1/imports/systolic_engine.srcs/sim_1/new/sa_engine_tb.v:309]
ERROR: [VRFC 10-4982] syntax error near 'secs' [C:/Users/jaebum324/Desktop/종합설계/Project/cau-capstone-systolic-array/capstone_design_final.srcs/sim_1/imports/systolic_engine.srcs/sim_1/new/sa_engine_tb.v:310]
ERROR: [VRFC 10-4982] syntax error near 'rd_MB' [C:/Users/jaebum324/Desktop/종합설계/Project/cau-capstone-systolic-array/capstone_design_final.srcs/sim_1/imports/systolic_engine.srcs/sim_1/new/sa_engine_tb.v:311]
ERROR: [VRFC 10-4982] syntax error near 'wr_MB' [C:/Users/jaebum324/Desktop/종합설계/Project/cau-capstone-systolic-array/capstone_design_final.srcs/sim_1/imports/systolic_engine.srcs/sim_1/new/sa_engine_tb.v:312]
ERROR: [VRFC 10-4982] syntax error near 'eff_MBps_rd' [C:/Users/jaebum324/Desktop/종합설계/Project/cau-capstone-systolic-array/capstone_design_final.srcs/sim_1/imports/systolic_engine.srcs/sim_1/new/sa_engine_tb.v:313]
ERROR: [VRFC 10-4982] syntax error near 'eff_MBps_wr' [C:/Users/jaebum324/Desktop/종합설계/Project/cau-capstone-systolic-array/capstone_design_final.srcs/sim_1/imports/systolic_engine.srcs/sim_1/new/sa_engine_tb.v:314]
ERROR: [VRFC 10-2939] 'logic' is an unknown type [C:/Users/jaebum324/Desktop/종합설계/Project/cau-capstone-systolic-array/capstone_design_final.srcs/sim_1/imports/systolic_engine.srcs/sim_1/new/sa_engine_tb.v:257]
ERROR: [VRFC 10-2939] 'longint' is an unknown type [C:/Users/jaebum324/Desktop/종합설계/Project/cau-capstone-systolic-array/capstone_design_final.srcs/sim_1/imports/systolic_engine.srcs/sim_1/new/sa_engine_tb.v:258]
INFO: [#UNDEF] Sorry, too many errors..
run_program: Time (s): cpu = 00:00:00 ; elapsed = 00:00:05 . Memory (MB): peak = 2221.656 ; gain = 0.000
INFO: [USF-XSim-69] 'compile' step finished in '5' seconds
INFO: [USF-XSim-99] Step results log file:'C:/Users/jaebum324/Desktop/종합설계/Project/cau-capstone-systolic-array/capstone_design_final.sim/sim_1/behav/xsim/xvlog.log'
ERROR: [USF-XSim-62] 'compile' step failed with error(s). Please check the Tcl console output or 'C:/Users/jaebum324/Desktop/종합설계/Project/cau-capstone-systolic-array/capstone_design_final.sim/sim_1/behav/xsim/xvlog.log' file for more information.
ERROR: [Vivado 12-4473] Detected error while running simulation. Please correct the issue and retry this operation.
launch_simulation: Time (s): cpu = 00:00:01 ; elapsed = 00:00:06 . Memory (MB): peak = 2221.656 ; gain = 0.000
ERROR: [Common 17-39] 'launch_simulation' failed due to earlier errors.
launch_simulation
Command: launch_simulation 
INFO: [Vivado 12-12493] Simulation top is 'sa_engine_tb'
WARNING: [Vivado 12-12986] Compiled library path does not exist: ''
INFO: [Vivado 12-5698] Checking validity of IPs in the design for the 'XSim' simulator...
INFO: [Runs 36-567] Checking/generating simulation output products for IPs/BDs (if any)...
INFO: [Vivado 12-5682] Launching behavioral simulation in 'C:/Users/jaebum324/Desktop/종합설계/Project/cau-capstone-systolic-array/capstone_design_final.sim/sim_1/behav/xsim'
INFO: [Vivado 12-4795] Using compiled simulation libraries for IPs
INFO: [SIM-utils-51] Simulation object is 'sim_1'
INFO: [SIM-utils-72] Using boost library from 'C:/Xilinx/Vivado/2021.2/tps/boost_1_72_0'
INFO: [USF-XSim-7] Finding pre-compiled libraries...
INFO: [USF-XSim-11] File 'C:/Xilinx/Vivado/2021.2/data/xsim/xsim.ini' copied to run dir:'C:/Users/jaebum324/Desktop/종합설계/Project/cau-capstone-systolic-array/capstone_design_final.sim/sim_1/behav/xsim'
INFO: [SIM-utils-54] Inspecting design source files for 'sa_engine_tb' in fileset 'sim_1'...
INFO: [SIM-utils-43] Exported 'C:/Users/jaebum324/Desktop/종합설계/Project/cau-capstone-systolic-array/capstone_design_final.sim/sim_1/behav/xsim/matrix_A_B.hex'
INFO: [SIM-utils-43] Exported 'C:/Users/jaebum324/Desktop/종합설계/Project/cau-capstone-systolic-array/capstone_design_final.sim/sim_1/behav/xsim/matrix_A_B.hex'
INFO: [USF-XSim-97] Finding global include files...
INFO: [USF-XSim-98] Fetching design files from 'sim_1'...
INFO: [USF-XSim-2] XSim::Compile design
INFO: [USF-XSim-61] Executing 'COMPILE and ANALYZE' step in 'C:/Users/jaebum324/Desktop/종합설계/Project/cau-capstone-systolic-array/capstone_design_final.sim/sim_1/behav/xsim'
"xvlog --incr --relax -L uvm -L axi_vip_v1_1_11 -L processing_system7_vip_v1_0_13 -L xilinx_vip -prj sa_engine_tb_vlog.prj"
INFO: [VRFC 10-2263] Analyzing Verilog file "C:/Users/jaebum324/Desktop/종합설계/Project/cau-capstone-systolic-array/capstone_design_final.srcs/sim_1/imports/systolic_engine.srcs/sim_1/new/sa_engine_tb.v" into library xil_defaultlib
INFO: [VRFC 10-311] analyzing module sa_engine_tb
INFO: [VRFC 10-2458] undeclared symbol network_done, assumed default net type wire [C:/Users/jaebum324/Desktop/종합설계/Project/cau-capstone-systolic-array/capstone_design_final.srcs/sim_1/imports/systolic_engine.srcs/sim_1/new/sa_engine_tb.v:218]
INFO: [VRFC 10-2458] undeclared symbol network_done_led, assumed default net type wire [C:/Users/jaebum324/Desktop/종합설계/Project/cau-capstone-systolic-array/capstone_design_final.srcs/sim_1/imports/systolic_engine.srcs/sim_1/new/sa_engine_tb.v:219]
ERROR: [VRFC 10-4982] syntax error near 'secs' [C:/Users/jaebum324/Desktop/종합설계/Project/cau-capstone-systolic-array/capstone_design_final.srcs/sim_1/imports/systolic_engine.srcs/sim_1/new/sa_engine_tb.v:314]
ERROR: [VRFC 10-2989] 'secs' is not declared [C:/Users/jaebum324/Desktop/종합설계/Project/cau-capstone-systolic-array/capstone_design_final.srcs/sim_1/imports/systolic_engine.srcs/sim_1/new/sa_engine_tb.v:315]
ERROR: [VRFC 10-2989] 'rd_MB' is not declared [C:/Users/jaebum324/Desktop/종합설계/Project/cau-capstone-systolic-array/capstone_design_final.srcs/sim_1/imports/systolic_engine.srcs/sim_1/new/sa_engine_tb.v:316]
ERROR: [VRFC 10-2989] 'wr_MB' is not declared [C:/Users/jaebum324/Desktop/종합설계/Project/cau-capstone-systolic-array/capstone_design_final.srcs/sim_1/imports/systolic_engine.srcs/sim_1/new/sa_engine_tb.v:317]
ERROR: [VRFC 10-2989] 'eff_MBps_rd' is not declared [C:/Users/jaebum324/Desktop/종합설계/Project/cau-capstone-systolic-array/capstone_design_final.srcs/sim_1/imports/systolic_engine.srcs/sim_1/new/sa_engine_tb.v:318]
ERROR: [VRFC 10-2989] 'eff_MBps_wr' is not declared [C:/Users/jaebum324/Desktop/종합설계/Project/cau-capstone-systolic-array/capstone_design_final.srcs/sim_1/imports/systolic_engine.srcs/sim_1/new/sa_engine_tb.v:319]
ERROR: [VRFC 10-2865] module 'sa_engine_tb' ignored due to previous errors [C:/Users/jaebum324/Desktop/종합설계/Project/cau-capstone-systolic-array/capstone_design_final.srcs/sim_1/imports/systolic_engine.srcs/sim_1/new/sa_engine_tb.v:3]
INFO: [USF-XSim-69] 'compile' step finished in '1' seconds
INFO: [USF-XSim-99] Step results log file:'C:/Users/jaebum324/Desktop/종합설계/Project/cau-capstone-systolic-array/capstone_design_final.sim/sim_1/behav/xsim/xvlog.log'
ERROR: [USF-XSim-62] 'compile' step failed with error(s). Please check the Tcl console output or 'C:/Users/jaebum324/Desktop/종합설계/Project/cau-capstone-systolic-array/capstone_design_final.sim/sim_1/behav/xsim/xvlog.log' file for more information.
ERROR: [Vivado 12-4473] Detected error while running simulation. Please correct the issue and retry this operation.
ERROR: [Common 17-39] 'launch_simulation' failed due to earlier errors.
launch_simulation
Command: launch_simulation 
INFO: [Vivado 12-12493] Simulation top is 'sa_engine_tb'
WARNING: [Vivado 12-12986] Compiled library path does not exist: ''
INFO: [Vivado 12-5698] Checking validity of IPs in the design for the 'XSim' simulator...
INFO: [Runs 36-567] Checking/generating simulation output products for IPs/BDs (if any)...
INFO: [Vivado 12-5682] Launching behavioral simulation in 'C:/Users/jaebum324/Desktop/종합설계/Project/cau-capstone-systolic-array/capstone_design_final.sim/sim_1/behav/xsim'
INFO: [Vivado 12-4795] Using compiled simulation libraries for IPs
INFO: [SIM-utils-51] Simulation object is 'sim_1'
INFO: [SIM-utils-72] Using boost library from 'C:/Xilinx/Vivado/2021.2/tps/boost_1_72_0'
INFO: [USF-XSim-7] Finding pre-compiled libraries...
INFO: [USF-XSim-11] File 'C:/Xilinx/Vivado/2021.2/data/xsim/xsim.ini' copied to run dir:'C:/Users/jaebum324/Desktop/종합설계/Project/cau-capstone-systolic-array/capstone_design_final.sim/sim_1/behav/xsim'
INFO: [SIM-utils-54] Inspecting design source files for 'sa_engine_tb' in fileset 'sim_1'...
INFO: [SIM-utils-43] Exported 'C:/Users/jaebum324/Desktop/종합설계/Project/cau-capstone-systolic-array/capstone_design_final.sim/sim_1/behav/xsim/matrix_A_B.hex'
INFO: [SIM-utils-43] Exported 'C:/Users/jaebum324/Desktop/종합설계/Project/cau-capstone-systolic-array/capstone_design_final.sim/sim_1/behav/xsim/matrix_A_B.hex'
INFO: [USF-XSim-97] Finding global include files...
INFO: [USF-XSim-98] Fetching design files from 'sim_1'...
INFO: [USF-XSim-2] XSim::Compile design
INFO: [USF-XSim-61] Executing 'COMPILE and ANALYZE' step in 'C:/Users/jaebum324/Desktop/종합설계/Project/cau-capstone-systolic-array/capstone_design_final.sim/sim_1/behav/xsim'
"xvlog --incr --relax -L uvm -L axi_vip_v1_1_11 -L processing_system7_vip_v1_0_13 -L xilinx_vip -prj sa_engine_tb_vlog.prj"
INFO: [VRFC 10-2263] Analyzing Verilog file "C:/Users/jaebum324/Desktop/종합설계/Project/cau-capstone-systolic-array/capstone_design_final.srcs/sim_1/imports/systolic_engine.srcs/sim_1/new/sa_engine_tb.v" into library xil_defaultlib
INFO: [VRFC 10-311] analyzing module sa_engine_tb
INFO: [USF-XSim-69] 'compile' step finished in '1' seconds
INFO: [USF-XSim-3] XSim::Elaborate design
INFO: [USF-XSim-61] Executing 'ELABORATE' step in 'C:/Users/jaebum324/Desktop/종합설계/Project/cau-capstone-systolic-array/capstone_design_final.sim/sim_1/behav/xsim'
"xelab --incr --debug typical --relax --mt 2 -L xil_defaultlib -L uvm -L xilinx_vip -L unisims_ver -L unimacro_ver -L secureip -L xpm --snapshot sa_engine_tb_behav xil_defaultlib.sa_engine_tb xil_defaultlib.glbl -log elaborate.log"
Vivado Simulator v2021.2
Copyright 1986-1999, 2001-2021 Xilinx, Inc. All Rights Reserved.
Running: C:/Xilinx/Vivado/2021.2/bin/unwrapped/win64.o/xelab.exe --incr --debug typical --relax --mt 2 -L xil_defaultlib -L uvm -L xilinx_vip -L unisims_ver -L unimacro_ver -L secureip -L xpm --snapshot sa_engine_tb_behav xil_defaultlib.sa_engine_tb xil_defaultlib.glbl -log elaborate.log 
Using 2 slave threads.
Starting static elaboration
Pass Through NonSizing Optimizer
WARNING: [VRFC 10-3091] actual bit length 19 differs from formal bit length 8 for port 'A_out' [C:/Users/jaebum324/Desktop/종합설계/Project/cau-capstone-systolic-array/capstone_design_final.srcs/sim_1/imports/hdl/tile8x8.sv:59]
WARNING: [VRFC 10-3091] actual bit length 19 differs from formal bit length 8 for port 'A_out' [C:/Users/jaebum324/Desktop/종합설계/Project/cau-capstone-systolic-array/capstone_design_final.srcs/sim_1/imports/hdl/tile8x8.sv:70]
WARNING: [VRFC 10-3091] actual bit length 19 differs from formal bit length 8 for port 'A_out' [C:/Users/jaebum324/Desktop/종합설계/Project/cau-capstone-systolic-array/capstone_design_final.srcs/sim_1/imports/hdl/tile8x8.sv:81]
WARNING: [VRFC 10-3091] actual bit length 19 differs from formal bit length 8 for port 'A_out' [C:/Users/jaebum324/Desktop/종합설계/Project/cau-capstone-systolic-array/capstone_design_final.srcs/sim_1/imports/hdl/tile8x8.sv:92]
WARNING: [VRFC 10-3091] actual bit length 19 differs from formal bit length 8 for port 'A_out' [C:/Users/jaebum324/Desktop/종합설계/Project/cau-capstone-systolic-array/capstone_design_final.srcs/sim_1/imports/hdl/tile8x8.sv:103]
WARNING: [VRFC 10-3091] actual bit length 19 differs from formal bit length 8 for port 'A_out' [C:/Users/jaebum324/Desktop/종합설계/Project/cau-capstone-systolic-array/capstone_design_final.srcs/sim_1/imports/hdl/tile8x8.sv:114]
WARNING: [VRFC 10-3091] actual bit length 19 differs from formal bit length 8 for port 'A_out' [C:/Users/jaebum324/Desktop/종합설계/Project/cau-capstone-systolic-array/capstone_design_final.srcs/sim_1/imports/hdl/tile8x8.sv:125]
WARNING: [VRFC 10-3091] actual bit length 19 differs from formal bit length 8 for port 'B_out' [C:/Users/jaebum324/Desktop/종합설계/Project/cau-capstone-systolic-array/capstone_design_final.srcs/sim_1/imports/hdl/tile8x8.sv:129]
WARNING: [VRFC 10-3091] actual bit length 19 differs from formal bit length 8 for port 'B_out' [C:/Users/jaebum324/Desktop/종합설계/Project/cau-capstone-systolic-array/capstone_design_final.srcs/sim_1/imports/hdl/tile8x8.sv:130]
WARNING: [VRFC 10-3091] actual bit length 19 differs from formal bit length 8 for port 'B_out' [C:/Users/jaebum324/Desktop/종합설계/Project/cau-capstone-systolic-array/capstone_design_final.srcs/sim_1/imports/hdl/tile8x8.sv:131]
WARNING: [VRFC 10-3091] actual bit length 19 differs from formal bit length 8 for port 'B_out' [C:/Users/jaebum324/Desktop/종합설계/Project/cau-capstone-systolic-array/capstone_design_final.srcs/sim_1/imports/hdl/tile8x8.sv:132]
WARNING: [VRFC 10-3091] actual bit length 19 differs from formal bit length 8 for port 'B_out' [C:/Users/jaebum324/Desktop/종합설계/Project/cau-capstone-systolic-array/capstone_design_final.srcs/sim_1/imports/hdl/tile8x8.sv:133]
WARNING: [VRFC 10-3091] actual bit length 19 differs from formal bit length 8 for port 'B_out' [C:/Users/jaebum324/Desktop/종합설계/Project/cau-capstone-systolic-array/capstone_design_final.srcs/sim_1/imports/hdl/tile8x8.sv:134]
WARNING: [VRFC 10-3091] actual bit length 19 differs from formal bit length 8 for port 'B_out' [C:/Users/jaebum324/Desktop/종합설계/Project/cau-capstone-systolic-array/capstone_design_final.srcs/sim_1/imports/hdl/tile8x8.sv:135]
WARNING: [VRFC 10-3091] actual bit length 19 differs from formal bit length 8 for port 'A_out' [C:/Users/jaebum324/Desktop/종합설계/Project/cau-capstone-systolic-array/capstone_design_final.srcs/sim_1/imports/hdl/tile8x8.sv:136]
WARNING: [VRFC 10-3091] actual bit length 32 differs from formal bit length 5 for port 'IDX' [C:/Users/jaebum324/Desktop/종합설계/Project/cau-capstone-systolic-array/capstone_design_final.srcs/sim_1/imports/hdl/RF.sv:80]
WARNING: [VRFC 10-3091] actual bit length 32 differs from formal bit length 5 for port 'IDX' [C:/Users/jaebum324/Desktop/종합설계/Project/cau-capstone-systolic-array/capstone_design_final.srcs/sim_1/imports/hdl/RF.sv:83]
WARNING: [VRFC 10-3091] actual bit length 32 differs from formal bit length 5 for port 'IDX' [C:/Users/jaebum324/Desktop/종합설계/Project/cau-capstone-systolic-array/capstone_design_final.srcs/sim_1/imports/hdl/RF.sv:86]
WARNING: [VRFC 10-3091] actual bit length 32 differs from formal bit length 5 for port 'IDX' [C:/Users/jaebum324/Desktop/종합설계/Project/cau-capstone-systolic-array/capstone_design_final.srcs/sim_1/imports/hdl/RF.sv:89]
WARNING: [VRFC 10-3091] actual bit length 32 differs from formal bit length 5 for port 'IDX' [C:/Users/jaebum324/Desktop/종합설계/Project/cau-capstone-systolic-array/capstone_design_final.srcs/sim_1/imports/hdl/RF.sv:92]
WARNING: [VRFC 10-3091] actual bit length 32 differs from formal bit length 5 for port 'IDX' [C:/Users/jaebum324/Desktop/종합설계/Project/cau-capstone-systolic-array/capstone_design_final.srcs/sim_1/imports/hdl/RF.sv:95]
WARNING: [VRFC 10-3091] actual bit length 32 differs from formal bit length 5 for port 'IDX' [C:/Users/jaebum324/Desktop/종합설계/Project/cau-capstone-systolic-array/capstone_design_final.srcs/sim_1/imports/hdl/RF.sv:98]
WARNING: [VRFC 10-3091] actual bit length 32 differs from formal bit length 5 for port 'IDX' [C:/Users/jaebum324/Desktop/종합설계/Project/cau-capstone-systolic-array/capstone_design_final.srcs/sim_1/imports/hdl/RF.sv:108]
WARNING: [VRFC 10-3091] actual bit length 32 differs from formal bit length 5 for port 'IDX' [C:/Users/jaebum324/Desktop/종합설계/Project/cau-capstone-systolic-array/capstone_design_final.srcs/sim_1/imports/hdl/RF.sv:111]
WARNING: [VRFC 10-3091] actual bit length 32 differs from formal bit length 5 for port 'IDX' [C:/Users/jaebum324/Desktop/종합설계/Project/cau-capstone-systolic-array/capstone_design_final.srcs/sim_1/imports/hdl/RF.sv:114]
WARNING: [VRFC 10-3091] actual bit length 32 differs from formal bit length 5 for port 'IDX' [C:/Users/jaebum324/Desktop/종합설계/Project/cau-capstone-systolic-array/capstone_design_final.srcs/sim_1/imports/hdl/RF.sv:117]
WARNING: [VRFC 10-3091] actual bit length 32 differs from formal bit length 5 for port 'IDX' [C:/Users/jaebum324/Desktop/종합설계/Project/cau-capstone-systolic-array/capstone_design_final.srcs/sim_1/imports/hdl/RF.sv:120]
WARNING: [VRFC 10-3091] actual bit length 32 differs from formal bit length 5 for port 'IDX' [C:/Users/jaebum324/Desktop/종합설계/Project/cau-capstone-systolic-array/capstone_design_final.srcs/sim_1/imports/hdl/RF.sv:123]
WARNING: [VRFC 10-3091] actual bit length 32 differs from formal bit length 5 for port 'IDX' [C:/Users/jaebum324/Desktop/종합설계/Project/cau-capstone-systolic-array/capstone_design_final.srcs/sim_1/imports/hdl/RF.sv:126]
Completed static elaboration
Starting simulation data flow analysis
WARNING: [XSIM 43-4099] "C:/Users/jaebum324/Desktop/종합설계/Project/cau-capstone-systolic-array/capstone_design_final.srcs/sim_1/imports/systolic_engine.srcs/sources_1/new/axi_sram_if.v" Line 12. Module axi_sram_if(D=32,M=4,MEM_ADDRW=23,MEM_DW=16) doesn't have a timescale but at least one module in design has a timescale.
WARNING: [XSIM 43-4099] "C:/Users/jaebum324/Desktop/종합설계/Project/cau-capstone-systolic-array/capstone_design_final.srcs/sim_1/imports/systolic_engine.srcs/sources_1/new/axi_slave_if_sync.v" Line 12. Module axi_slave_if_sync(L=8,D=32,M=4) doesn't have a timescale but at least one module in design has a timescale.
WARNING: [XSIM 43-4099] "C:/Users/jaebum324/Desktop/종합설계/Project/cau-capstone-systolic-array/capstone_design_final.srcs/sim_1/imports/systolic_engine.srcs/sources_1/new/sync_reg_fifo.v" Line 12. Module sync_reg_fifo(N_SLOT=16,W_SLOT=4,W_DATA=49) doesn't have a timescale but at least one module in design has a timescale.
WARNING: [XSIM 43-4099] "C:/Users/jaebum324/Desktop/종합설계/Project/cau-capstone-systolic-array/capstone_design_final.srcs/sim_1/imports/systolic_engine.srcs/sources_1/new/sync_reg_fifo.v" Line 12. Module sync_reg_fifo(N_SLOT=256,W_SLOT=8,W_DATA=41) doesn't have a timescale but at least one module in design has a timescale.
WARNING: [XSIM 43-4099] "C:/Users/jaebum324/Desktop/종합설계/Project/cau-capstone-systolic-array/capstone_design_final.srcs/sim_1/imports/systolic_engine.srcs/sources_1/new/sync_reg_fifo.v" Line 12. Module sync_reg_fifo(N_SLOT=16,W_SLOT=4,W_DATA=49) doesn't have a timescale but at least one module in design has a timescale.
WARNING: [XSIM 43-4099] "C:/Users/jaebum324/Desktop/종합설계/Project/cau-capstone-systolic-array/capstone_design_final.srcs/sim_1/imports/systolic_engine.srcs/sources_1/new/sync_reg_fifo.v" Line 12. Module sync_reg_fifo(N_SLOT=256,W_SLOT=8,W_DATA=39) doesn't have a timescale but at least one module in design has a timescale.
WARNING: [XSIM 43-4099] "C:/Users/jaebum324/Desktop/종합설계/Project/cau-capstone-systolic-array/capstone_design_final.srcs/sim_1/imports/systolic_engine.srcs/sources_1/new/sram_ctrl.v" Line 11. Module sram_ctrl(L=8,D=32,M=4,W_MEM=16,W_ADDR=23) doesn't have a timescale but at least one module in design has a timescale.
WARNING: [XSIM 43-4099] "C:/Users/jaebum324/Desktop/종합설계/Project/cau-capstone-systolic-array/capstone_design_final.srcs/sim_1/imports/systolic_engine.srcs/sources_1/new/sram.v" Line 10. Module sram(FILE_NAME="matrix_A_B.hex",SIZE=8388608,WL_ADDR=23,WL_DATA=16) doesn't have a timescale but at least one module in design has a timescale.
WARNING: [XSIM 43-4099] "C:/Users/jaebum324/Desktop/종합설계/Project/cau-capstone-systolic-array/capstone_design_final.srcs/sim_1/imports/systolic_engine.srcs/sources_1/new/axi_sram_if.v" Line 12. Module axi_sram_if(D=32,M=4,MEM_ADDRW=23,MEM_DW=16) doesn't have a timescale but at least one module in design has a timescale.
WARNING: [XSIM 43-4099] "C:/Users/jaebum324/Desktop/종합설계/Project/cau-capstone-systolic-array/capstone_design_final.srcs/sim_1/imports/systolic_engine.srcs/sources_1/new/axi_slave_if_sync.v" Line 12. Module axi_slave_if_sync(L=8,D=32,M=4) doesn't have a timescale but at least one module in design has a timescale.
WARNING: [XSIM 43-4099] "C:/Users/jaebum324/Desktop/종합설계/Project/cau-capstone-systolic-array/capstone_design_final.srcs/sim_1/imports/systolic_engine.srcs/sources_1/new/sync_reg_fifo.v" Line 12. Module sync_reg_fifo(N_SLOT=16,W_SLOT=4,W_DATA=49) doesn't have a timescale but at least one module in design has a timescale.
WARNING: [XSIM 43-4099] "C:/Users/jaebum324/Desktop/종합설계/Project/cau-capstone-systolic-array/capstone_design_final.srcs/sim_1/imports/systolic_engine.srcs/sources_1/new/sync_reg_fifo.v" Line 12. Module sync_reg_fifo(N_SLOT=256,W_SLOT=8,W_DATA=41) doesn't have a timescale but at least one module in design has a timescale.
WARNING: [XSIM 43-4099] "C:/Users/jaebum324/Desktop/종합설계/Project/cau-capstone-systolic-array/capstone_design_final.srcs/sim_1/imports/systolic_engine.srcs/sources_1/new/sync_reg_fifo.v" Line 12. Module sync_reg_fifo(N_SLOT=16,W_SLOT=4,W_DATA=49) doesn't have a timescale but at least one module in design has a timescale.
WARNING: [XSIM 43-4099] "C:/Users/jaebum324/Desktop/종합설계/Project/cau-capstone-systolic-array/capstone_design_final.srcs/sim_1/imports/systolic_engine.srcs/sources_1/new/sync_reg_fifo.v" Line 12. Module sync_reg_fifo(N_SLOT=256,W_SLOT=8,W_DATA=39) doesn't have a timescale but at least one module in design has a timescale.
WARNING: [XSIM 43-4099] "C:/Users/jaebum324/Desktop/종합설계/Project/cau-capstone-systolic-array/capstone_design_final.srcs/sim_1/imports/systolic_engine.srcs/sources_1/new/sram_ctrl.v" Line 11. Module sram_ctrl(L=8,D=32,M=4,W_MEM=16,W_ADDR=23) doesn't have a timescale but at least one module in design has a timescale.
WARNING: [XSIM 43-4099] "C:/Users/jaebum324/Desktop/종합설계/Project/cau-capstone-systolic-array/capstone_design_final.srcs/sim_1/imports/systolic_engine.srcs/sources_1/new/sram.v" Line 10. Module sram(FILE_NAME="matrix_A_B.hex",SIZE=8388608,WL_ADDR=23,WL_DATA=16) doesn't have a timescale but at least one module in design has a timescale.
Completed simulation data flow analysis
Time Resolution for simulation is 1ps
Compiling module xil_defaultlib.sync_reg_fifo(N_SLOT=16,W_SLOT=4...
Compiling module xil_defaultlib.sync_reg_fifo(N_SLOT=256,W_SLOT=...
Compiling module xil_defaultlib.sync_reg_fifo(N_SLOT=256,W_SLOT=...
Compiling module xil_defaultlib.axi_slave_if_sync(L=8,D=32,M=4)
Compiling module xil_defaultlib.sram_ctrl(L=8,D=32,M=4,W_MEM=16,...
Compiling module xil_defaultlib.axi_sram_if(D=32,M=4,MEM_ADDRW=2...
Compiling module xil_defaultlib.sram(FILE_NAME="matrix_A_B.hex",...
Compiling module xil_defaultlib.axi_dma_ctrl(BIT_TRANS=8)
Compiling module xil_defaultlib.dma_read(BITS_TRANS=8,OUT_BITS_T...
Compiling module xil_defaultlib.dma_write(BITS_TRANS=8,OUT_BITS_...
Compiling module xil_defaultlib.dpram_wrapper(DW=32,AW=11,DEPTH=...
Compiling module xil_defaultlib.hPE
Compiling module xil_defaultlib.tile8x8
Compiling module xil_defaultlib.X_REG
Compiling module xil_defaultlib.RF
Compiling module xil_defaultlib.SystolicArray
Compiling module xil_defaultlib.controller
Compiling module xil_defaultlib.FSM
Compiling module xil_defaultlib.sa_core_default
Compiling module xil_defaultlib.sa_core_pipeline(C_M_AXI_ID_WIDT...
Compiling module xil_defaultlib.sa_engine_top(AXI_WIDTH_DS=4,MEM...
Compiling module xil_defaultlib.sa_engine_tb
Compiling module xil_defaultlib.glbl
Built simulation snapshot sa_engine_tb_behav
run_program: Time (s): cpu = 00:00:00 ; elapsed = 00:00:09 . Memory (MB): peak = 2221.656 ; gain = 0.000
INFO: [USF-XSim-69] 'elaborate' step finished in '10' seconds
INFO: [USF-XSim-4] XSim::Simulate design
INFO: [USF-XSim-61] Executing 'SIMULATE' step in 'C:/Users/jaebum324/Desktop/종합설계/Project/cau-capstone-systolic-array/capstone_design_final.sim/sim_1/behav/xsim'
INFO: [USF-XSim-98] *** Running xsim
   with args "sa_engine_tb_behav -key {Behavioral:sim_1:Functional:sa_engine_tb} -tclbatch {sa_engine_tb.tcl} -protoinst "protoinst_files/design_1.protoinst" -view {C:/Users/jaebum324/Desktop/종합설계/Project/cau-capstone-systolic-array/waveform_data/sa_engine_tb_behav.wcfg} -log {simulate.log}"
INFO: [USF-XSim-8] Loading simulator feature
INFO: [Wavedata 42-565] Reading protoinst file protoinst_files/design_1.protoinst
WARNING: [Wavedata 42-558] Couldn't load one or more protocol instances from protoinst file protoinst_files/design_1.protoinst for the following reason(s):
There are no instances of module "design_1" in the design.

Time resolution is 1 ps
open_wave_config C:/Users/jaebum324/Desktop/종합설계/Project/cau-capstone-systolic-array/waveform_data/sa_engine_tb_behav.wcfg
WARNING: Simulation object /sa_engine_tb/u_sa_engine_top/u_core/u_sa_core/LOAD_DELAY was not found in the design.
WARNING: Simulation object /sa_engine_tb/u_sa_engine_top/u_core/u_sa_core/OUT_DELAY was not found in the design.
WARNING: Simulation object /sa_engine_tb/u_sa_engine_top/u_core/u_sa_core/systolic_core/load_counter was not found in the design.
WARNING: Simulation object /sa_engine_tb/u_sa_engine_top/u_core/u_sa_core/systolic_core/MAX_LOAD_CYCLES was not found in the design.
source sa_engine_tb.tcl
# set curr_wave [current_wave_config]
# if { [string length $curr_wave] == 0 } {
#   if { [llength [get_objects]] > 0} {
#     add_wave /
#     set_property needs_save false [current_wave_config]
#   } else {
#      send_msg_id Add_Wave-1 WARNING "No top level signals found. Simulator will start without a wave window. If you want to open a wave window go to 'File->New Waveform Configuration' or type 'create_wave_config' in the TCL console."
#   }
# }
# run 1ms
Initializing memory 'SimmemSync_rp0_wp0_cp1'..
Loading memory 'SimmemSync_rp0_wp0_cp1' from file: matrix_A_B.hex
ARADDR LSB[6:0]=0x0  ARLEN=15

=== Day2 Baseline (.v safe) ===
cycles(total)    = 315
read : bursts=2 beats=32 bytes=128
write: bursts=1 beats=16 bytes=64
$stop called at time : 4250 ns : File "C:/Users/jaebum324/Desktop/종합설계/Project/cau-capstone-systolic-array/capstone_design_final.srcs/sim_1/imports/systolic_engine.srcs/sim_1/new/sa_engine_tb.v" Line 343
INFO: [USF-XSim-96] XSim completed. Design snapshot 'sa_engine_tb_behav' loaded.
INFO: [USF-XSim-97] XSim simulation ran for 1ms
launch_simulation: Time (s): cpu = 00:00:03 ; elapsed = 00:00:13 . Memory (MB): peak = 2221.656 ; gain = 0.000
close_sim
INFO: [Simtcl 6-16] Simulation closed
exit
INFO: [Common 17-206] Exiting Vivado at Sat Oct 18 22:34:05 2025...
