Copyright 1986-2021 Xilinx, Inc. All Rights Reserved.
------------------------------------------------------------------------------------------------------------------------------------------
| Tool Version : Vivado v.2021.2 (win64) Build 3367213 Tue Oct 19 02:48:09 MDT 2021
| Date         : Sun Nov  9 21:23:24 2025
| Host         : DESKTOP-EGRO0RF running 64-bit major release  (build 9200)
| Command      : report_drc -file design_1_wrapper_drc_routed.rpt -pb design_1_wrapper_drc_routed.pb -rpx design_1_wrapper_drc_routed.rpx
| Design       : design_1_wrapper
| Device       : xc7z020clg400-1
| Speed File   : -1
| Design State : Fully Routed
------------------------------------------------------------------------------------------------------------------------------------------

Report DRC

Table of Contents
-----------------
1. REPORT SUMMARY
2. REPORT DETAILS

1. REPORT SUMMARY
-----------------
            Netlist: netlist
          Floorplan: checkpoint_design_1_wrapper
      Design limits: <entire design considered>
           Ruledeck: default
             Max violations: <unlimited>
             Violations found: 47
+-----------+----------+----------------------------+------------+
| Rule      | Severity | Description                | Violations |
+-----------+----------+----------------------------+------------+
| CHECK-3   | Warning  | Report rule limit reached  | 1          |
| PDCN-1569 | Warning  | LUT equation term check    | 13         |
| PDRC-153  | Warning  | Gated clock check          | 12         |
| REQP-1839 | Warning  | RAMB36 async control check | 20         |
| RTSTAT-10 | Warning  | No routable loads          | 1          |
+-----------+----------+----------------------------+------------+

2. REPORT DETAILS
-----------------
CHECK-3#1 Warning
Report rule limit reached  
REQP-1839 rule limit reached: 20 violations have been found.
Related violations: <none>

PDCN-1569#1 Warning
LUT equation term check  
Used physical LUT pin 'A2' of cell dbg_hub/inst/BSCANID.u_xsdbm_id/SWITCH_N_EXT_BSCAN.bscan_switch/temp_curid[31]_i_1 (pin dbg_hub/inst/BSCANID.u_xsdbm_id/SWITCH_N_EXT_BSCAN.bscan_switch/temp_curid[31]_i_1/I1) is not included in the LUT equation: 'O5=(A3*A1)+(A3*(~A1)*(~A5))+((~A3))'. If this cell is a user instantiated LUT in the design, please remove connectivity to the pin or change the equation and/or INIT string of the LUT to prevent this issue. If the cell is inferred or IP created LUT, please regenerate the IP and/or resynthesize the design to attempt to correct the issue.
Related violations: <none>

PDCN-1569#2 Warning
LUT equation term check  
Used physical LUT pin 'A2' of cell dbg_hub/inst/BSCANID.u_xsdbm_id/SWITCH_N_EXT_BSCAN.id_state[0]_i_1 (pin dbg_hub/inst/BSCANID.u_xsdbm_id/SWITCH_N_EXT_BSCAN.id_state[0]_i_1/I0) is not included in the LUT equation: 'O6=(A6+~A6)*((A3))'. If this cell is a user instantiated LUT in the design, please remove connectivity to the pin or change the equation and/or INIT string of the LUT to prevent this issue. If the cell is inferred or IP created LUT, please regenerate the IP and/or resynthesize the design to attempt to correct the issue.
Related violations: <none>

PDCN-1569#3 Warning
LUT equation term check  
Used physical LUT pin 'A2' of cell design_1_i/axi_mem_intercon/m00_couplers/auto_ds/inst/gen_downsizer.gen_cascaded_downsizer.first_downsizer_inst/USE_WRITE.write_addr_inst/USE_B_CHANNEL.cmd_b_queue/inst/fifo_gen_inst/inst_fifo_gen/gconvfifo.rf/grf.rf/gntv_or_sync_fifo.gl0.rd/gr1.gr1_int.rfwft/gpregsm1.user_valid_i_1 (pin design_1_i/axi_mem_intercon/m00_couplers/auto_ds/inst/gen_downsizer.gen_cascaded_downsizer.first_downsizer_inst/USE_WRITE.write_addr_inst/USE_B_CHANNEL.cmd_b_queue/inst/fifo_gen_inst/inst_fifo_gen/gconvfifo.rf/grf.rf/gntv_or_sync_fifo.gl0.rd/gr1.gr1_int.rfwft/gpregsm1.user_valid_i_1/I1) is not included in the LUT equation: 'O6=(A6)+((~A6)*(~A5)*A4)'. If this cell is a user instantiated LUT in the design, please remove connectivity to the pin or change the equation and/or INIT string of the LUT to prevent this issue. If the cell is inferred or IP created LUT, please regenerate the IP and/or resynthesize the design to attempt to correct the issue.
Related violations: <none>

PDCN-1569#4 Warning
LUT equation term check  
Used physical LUT pin 'A2' of cell design_1_i/axi_mem_intercon/m00_couplers/auto_ds/inst/gen_downsizer.gen_cascaded_downsizer.first_downsizer_inst/USE_WRITE.write_addr_inst/cmd_queue/inst/fifo_gen_inst/inst_fifo_gen/gconvfifo.rf/grf.rf/gntv_or_sync_fifo.gl0.rd/gr1.gr1_int.rfwft/gpregsm1.user_valid_i_1 (pin design_1_i/axi_mem_intercon/m00_couplers/auto_ds/inst/gen_downsizer.gen_cascaded_downsizer.first_downsizer_inst/USE_WRITE.write_addr_inst/cmd_queue/inst/fifo_gen_inst/inst_fifo_gen/gconvfifo.rf/grf.rf/gntv_or_sync_fifo.gl0.rd/gr1.gr1_int.rfwft/gpregsm1.user_valid_i_1/I1) is not included in the LUT equation: 'O6=(A1)+((~A1)*(~A5)*A6)'. If this cell is a user instantiated LUT in the design, please remove connectivity to the pin or change the equation and/or INIT string of the LUT to prevent this issue. If the cell is inferred or IP created LUT, please regenerate the IP and/or resynthesize the design to attempt to correct the issue.
Related violations: <none>

PDCN-1569#5 Warning
LUT equation term check  
Used physical LUT pin 'A2' of cell design_1_i/axi_mem_intercon/m00_couplers/auto_pc/inst/gen_axi4_axi3.axi3_conv_inst/USE_WRITE.write_addr_inst/USE_BURSTS.cmd_queue/inst/fifo_gen_inst/inst_fifo_gen/gconvfifo.rf/grf.rf/gntv_or_sync_fifo.gl0.rd/gr1.gr1_int.rfwft/gpregsm1.user_valid_i_1 (pin design_1_i/axi_mem_intercon/m00_couplers/auto_pc/inst/gen_axi4_axi3.axi3_conv_inst/USE_WRITE.write_addr_inst/USE_BURSTS.cmd_queue/inst/fifo_gen_inst/inst_fifo_gen/gconvfifo.rf/grf.rf/gntv_or_sync_fifo.gl0.rd/gr1.gr1_int.rfwft/gpregsm1.user_valid_i_1/I1) is not included in the LUT equation: 'O6=(A3)+((~A3)*(~A1)*A5)'. If this cell is a user instantiated LUT in the design, please remove connectivity to the pin or change the equation and/or INIT string of the LUT to prevent this issue. If the cell is inferred or IP created LUT, please regenerate the IP and/or resynthesize the design to attempt to correct the issue.
Related violations: <none>

PDCN-1569#6 Warning
LUT equation term check  
Used physical LUT pin 'A2' of cell design_1_i/axi_mem_intercon/m01_couplers/auto_pc/inst/gen_axi4_axi3.axi3_conv_inst/USE_WRITE.write_addr_inst/USE_BURSTS.cmd_queue/inst/fifo_gen_inst/inst_fifo_gen/gconvfifo.rf/grf.rf/gntv_or_sync_fifo.gl0.rd/gr1.gr1_int.rfwft/gpregsm1.user_valid_i_1 (pin design_1_i/axi_mem_intercon/m01_couplers/auto_pc/inst/gen_axi4_axi3.axi3_conv_inst/USE_WRITE.write_addr_inst/USE_BURSTS.cmd_queue/inst/fifo_gen_inst/inst_fifo_gen/gconvfifo.rf/grf.rf/gntv_or_sync_fifo.gl0.rd/gr1.gr1_int.rfwft/gpregsm1.user_valid_i_1/I1) is not included in the LUT equation: 'O6=(A5)+((~A5)*(~A6)*A4)'. If this cell is a user instantiated LUT in the design, please remove connectivity to the pin or change the equation and/or INIT string of the LUT to prevent this issue. If the cell is inferred or IP created LUT, please regenerate the IP and/or resynthesize the design to attempt to correct the issue.
Related violations: <none>

PDCN-1569#7 Warning
LUT equation term check  
Used physical LUT pin 'A3' of cell design_1_i/axi_mem_intercon/m00_couplers/auto_ds/inst/gen_downsizer.gen_cascaded_downsizer.gen_axi3_conv.axi3_conv_inst/gen_axi4_axi3.axi3_conv_inst/USE_WRITE.write_addr_inst/USE_B_CHANNEL.cmd_b_queue/inst/fifo_gen_inst/inst_fifo_gen/gconvfifo.rf/grf.rf/gntv_or_sync_fifo.gl0.rd/gr1.gr1_int.rfwft/gpregsm1.user_valid_i_1 (pin design_1_i/axi_mem_intercon/m00_couplers/auto_ds/inst/gen_downsizer.gen_cascaded_downsizer.gen_axi3_conv.axi3_conv_inst/gen_axi4_axi3.axi3_conv_inst/USE_WRITE.write_addr_inst/USE_B_CHANNEL.cmd_b_queue/inst/fifo_gen_inst/inst_fifo_gen/gconvfifo.rf/grf.rf/gntv_or_sync_fifo.gl0.rd/gr1.gr1_int.rfwft/gpregsm1.user_valid_i_1/I1) is not included in the LUT equation: 'O6=(A1)+((~A1)*(~A6)*A2)'. If this cell is a user instantiated LUT in the design, please remove connectivity to the pin or change the equation and/or INIT string of the LUT to prevent this issue. If the cell is inferred or IP created LUT, please regenerate the IP and/or resynthesize the design to attempt to correct the issue.
Related violations: <none>

PDCN-1569#8 Warning
LUT equation term check  
Used physical LUT pin 'A4' of cell dbg_hub/inst/BSCANID.u_xsdbm_id/SWITCH_N_EXT_BSCAN.bscan_switch/temp_curid[31]_i_1 (pin dbg_hub/inst/BSCANID.u_xsdbm_id/SWITCH_N_EXT_BSCAN.bscan_switch/temp_curid[31]_i_1/I0) is not included in the LUT equation: 'O5=(A3*A1)+(A3*(~A1)*(~A5))+((~A3))'. If this cell is a user instantiated LUT in the design, please remove connectivity to the pin or change the equation and/or INIT string of the LUT to prevent this issue. If the cell is inferred or IP created LUT, please regenerate the IP and/or resynthesize the design to attempt to correct the issue.
Related violations: <none>

PDCN-1569#9 Warning
LUT equation term check  
Used physical LUT pin 'A4' of cell design_1_i/axi_mem_intercon/m00_couplers/auto_ds/inst/gen_downsizer.gen_cascaded_downsizer.first_downsizer_inst/USE_READ.read_addr_inst/cmd_queue/inst/fifo_gen_inst/inst_fifo_gen/gconvfifo.rf/grf.rf/gntv_or_sync_fifo.gl0.rd/gr1.gr1_int.rfwft/gpregsm1.user_valid_i_1 (pin design_1_i/axi_mem_intercon/m00_couplers/auto_ds/inst/gen_downsizer.gen_cascaded_downsizer.first_downsizer_inst/USE_READ.read_addr_inst/cmd_queue/inst/fifo_gen_inst/inst_fifo_gen/gconvfifo.rf/grf.rf/gntv_or_sync_fifo.gl0.rd/gr1.gr1_int.rfwft/gpregsm1.user_valid_i_1/I1) is not included in the LUT equation: 'O6=(A5)+((~A5)*(~A6)*A3)'. If this cell is a user instantiated LUT in the design, please remove connectivity to the pin or change the equation and/or INIT string of the LUT to prevent this issue. If the cell is inferred or IP created LUT, please regenerate the IP and/or resynthesize the design to attempt to correct the issue.
Related violations: <none>

PDCN-1569#10 Warning
LUT equation term check  
Used physical LUT pin 'A4' of cell design_1_i/axi_mem_intercon/m01_couplers/auto_pc/inst/gen_axi4_axi3.axi3_conv_inst/USE_WRITE.write_addr_inst/USE_B_CHANNEL.cmd_b_queue/inst/fifo_gen_inst/inst_fifo_gen/gconvfifo.rf/grf.rf/gntv_or_sync_fifo.gl0.rd/gr1.gr1_int.rfwft/gpregsm1.user_valid_i_1 (pin design_1_i/axi_mem_intercon/m01_couplers/auto_pc/inst/gen_axi4_axi3.axi3_conv_inst/USE_WRITE.write_addr_inst/USE_B_CHANNEL.cmd_b_queue/inst/fifo_gen_inst/inst_fifo_gen/gconvfifo.rf/grf.rf/gntv_or_sync_fifo.gl0.rd/gr1.gr1_int.rfwft/gpregsm1.user_valid_i_1/I1) is not included in the LUT equation: 'O6=(A5)+((~A5)*(~A6)*A1)'. If this cell is a user instantiated LUT in the design, please remove connectivity to the pin or change the equation and/or INIT string of the LUT to prevent this issue. If the cell is inferred or IP created LUT, please regenerate the IP and/or resynthesize the design to attempt to correct the issue.
Related violations: <none>

PDCN-1569#11 Warning
LUT equation term check  
Used physical LUT pin 'A5' of cell design_1_i/axi_mem_intercon/m00_couplers/auto_ds/inst/gen_downsizer.gen_cascaded_downsizer.gen_axi3_conv.axi3_conv_inst/gen_axi4_axi3.axi3_conv_inst/USE_READ.USE_SPLIT_R.read_addr_inst/USE_R_CHANNEL.cmd_queue/inst/fifo_gen_inst/inst_fifo_gen/gconvfifo.rf/grf.rf/gntv_or_sync_fifo.gl0.rd/gr1.gr1_int.rfwft/gpregsm1.user_valid_i_1 (pin design_1_i/axi_mem_intercon/m00_couplers/auto_ds/inst/gen_downsizer.gen_cascaded_downsizer.gen_axi3_conv.axi3_conv_inst/gen_axi4_axi3.axi3_conv_inst/USE_READ.USE_SPLIT_R.read_addr_inst/USE_R_CHANNEL.cmd_queue/inst/fifo_gen_inst/inst_fifo_gen/gconvfifo.rf/grf.rf/gntv_or_sync_fifo.gl0.rd/gr1.gr1_int.rfwft/gpregsm1.user_valid_i_1/I1) is not included in the LUT equation: 'O6=(A4)+((~A4)*(~A6)*A3)'. If this cell is a user instantiated LUT in the design, please remove connectivity to the pin or change the equation and/or INIT string of the LUT to prevent this issue. If the cell is inferred or IP created LUT, please regenerate the IP and/or resynthesize the design to attempt to correct the issue.
Related violations: <none>

PDCN-1569#12 Warning
LUT equation term check  
Used physical LUT pin 'A5' of cell design_1_i/axi_mem_intercon/m01_couplers/auto_pc/inst/gen_axi4_axi3.axi3_conv_inst/USE_READ.USE_SPLIT_R.read_addr_inst/USE_R_CHANNEL.cmd_queue/inst/fifo_gen_inst/inst_fifo_gen/gconvfifo.rf/grf.rf/gntv_or_sync_fifo.gl0.rd/gr1.gr1_int.rfwft/gpregsm1.user_valid_i_1 (pin design_1_i/axi_mem_intercon/m01_couplers/auto_pc/inst/gen_axi4_axi3.axi3_conv_inst/USE_READ.USE_SPLIT_R.read_addr_inst/USE_R_CHANNEL.cmd_queue/inst/fifo_gen_inst/inst_fifo_gen/gconvfifo.rf/grf.rf/gntv_or_sync_fifo.gl0.rd/gr1.gr1_int.rfwft/gpregsm1.user_valid_i_1/I1) is not included in the LUT equation: 'O6=(A1)+((~A1)*(~A6)*A4)'. If this cell is a user instantiated LUT in the design, please remove connectivity to the pin or change the equation and/or INIT string of the LUT to prevent this issue. If the cell is inferred or IP created LUT, please regenerate the IP and/or resynthesize the design to attempt to correct the issue.
Related violations: <none>

PDCN-1569#13 Warning
LUT equation term check  
Used physical LUT pin 'A6' of cell design_1_i/axi_mem_intercon/m00_couplers/auto_ds/inst/gen_downsizer.gen_cascaded_downsizer.gen_axi3_conv.axi3_conv_inst/gen_axi4_axi3.axi3_conv_inst/USE_WRITE.write_addr_inst/USE_BURSTS.cmd_queue/inst/fifo_gen_inst/inst_fifo_gen/gconvfifo.rf/grf.rf/gntv_or_sync_fifo.gl0.rd/gr1.gr1_int.rfwft/gpregsm1.user_valid_i_1 (pin design_1_i/axi_mem_intercon/m00_couplers/auto_ds/inst/gen_downsizer.gen_cascaded_downsizer.gen_axi3_conv.axi3_conv_inst/gen_axi4_axi3.axi3_conv_inst/USE_WRITE.write_addr_inst/USE_BURSTS.cmd_queue/inst/fifo_gen_inst/inst_fifo_gen/gconvfifo.rf/grf.rf/gntv_or_sync_fifo.gl0.rd/gr1.gr1_int.rfwft/gpregsm1.user_valid_i_1/I1) is not included in the LUT equation: 'O6=(A4)+((~A4)*(~A5)*A2)'. If this cell is a user instantiated LUT in the design, please remove connectivity to the pin or change the equation and/or INIT string of the LUT to prevent this issue. If the cell is inferred or IP created LUT, please regenerate the IP and/or resynthesize the design to attempt to correct the issue.
Related violations: <none>

PDRC-153#1 Warning
Gated clock check  
Net design_1_i/sa_engine_ip_0/inst/u_core/g_legacy_core.u_sa_core/dpram_out_addra[0]_i_2_n_0 is a gated clock net sourced by a combinational pin design_1_i/sa_engine_ip_0/inst/u_core/g_legacy_core.u_sa_core/dpram_out_addra[0]_i_2/O, cell design_1_i/sa_engine_ip_0/inst/u_core/g_legacy_core.u_sa_core/dpram_out_addra[0]_i_2. This is not good design practice and will likely impact performance. For SLICE registers, for example, use the CE pin to control the loading of data.
Related violations: <none>

PDRC-153#2 Warning
Gated clock check  
Net design_1_i/sa_engine_ip_0/inst/u_core/g_legacy_core.u_sa_core/dpram_out_addra[10]_i_3_n_0 is a gated clock net sourced by a combinational pin design_1_i/sa_engine_ip_0/inst/u_core/g_legacy_core.u_sa_core/dpram_out_addra[10]_i_3/O, cell design_1_i/sa_engine_ip_0/inst/u_core/g_legacy_core.u_sa_core/dpram_out_addra[10]_i_3. This is not good design practice and will likely impact performance. For SLICE registers, for example, use the CE pin to control the loading of data.
Related violations: <none>

PDRC-153#3 Warning
Gated clock check  
Net design_1_i/sa_engine_ip_0/inst/u_core/g_legacy_core.u_sa_core/dpram_out_addra[1]_i_2_n_0 is a gated clock net sourced by a combinational pin design_1_i/sa_engine_ip_0/inst/u_core/g_legacy_core.u_sa_core/dpram_out_addra[1]_i_2/O, cell design_1_i/sa_engine_ip_0/inst/u_core/g_legacy_core.u_sa_core/dpram_out_addra[1]_i_2. This is not good design practice and will likely impact performance. For SLICE registers, for example, use the CE pin to control the loading of data.
Related violations: <none>

PDRC-153#4 Warning
Gated clock check  
Net design_1_i/sa_engine_ip_0/inst/u_core/g_legacy_core.u_sa_core/dpram_out_addra[2]_i_2_n_0 is a gated clock net sourced by a combinational pin design_1_i/sa_engine_ip_0/inst/u_core/g_legacy_core.u_sa_core/dpram_out_addra[2]_i_2/O, cell design_1_i/sa_engine_ip_0/inst/u_core/g_legacy_core.u_sa_core/dpram_out_addra[2]_i_2. This is not good design practice and will likely impact performance. For SLICE registers, for example, use the CE pin to control the loading of data.
Related violations: <none>

PDRC-153#5 Warning
Gated clock check  
Net design_1_i/sa_engine_ip_0/inst/u_core/g_legacy_core.u_sa_core/dpram_out_addra[3]_i_2_n_0 is a gated clock net sourced by a combinational pin design_1_i/sa_engine_ip_0/inst/u_core/g_legacy_core.u_sa_core/dpram_out_addra[3]_i_2/O, cell design_1_i/sa_engine_ip_0/inst/u_core/g_legacy_core.u_sa_core/dpram_out_addra[3]_i_2. This is not good design practice and will likely impact performance. For SLICE registers, for example, use the CE pin to control the loading of data.
Related violations: <none>

PDRC-153#6 Warning
Gated clock check  
Net design_1_i/sa_engine_ip_0/inst/u_core/g_legacy_core.u_sa_core/dpram_out_addra[4]_i_2_n_0 is a gated clock net sourced by a combinational pin design_1_i/sa_engine_ip_0/inst/u_core/g_legacy_core.u_sa_core/dpram_out_addra[4]_i_2/O, cell design_1_i/sa_engine_ip_0/inst/u_core/g_legacy_core.u_sa_core/dpram_out_addra[4]_i_2. This is not good design practice and will likely impact performance. For SLICE registers, for example, use the CE pin to control the loading of data.
Related violations: <none>

PDRC-153#7 Warning
Gated clock check  
Net design_1_i/sa_engine_ip_0/inst/u_core/g_legacy_core.u_sa_core/dpram_out_addra[5]_i_2_n_0 is a gated clock net sourced by a combinational pin design_1_i/sa_engine_ip_0/inst/u_core/g_legacy_core.u_sa_core/dpram_out_addra[5]_i_2/O, cell design_1_i/sa_engine_ip_0/inst/u_core/g_legacy_core.u_sa_core/dpram_out_addra[5]_i_2. This is not good design practice and will likely impact performance. For SLICE registers, for example, use the CE pin to control the loading of data.
Related violations: <none>

PDRC-153#8 Warning
Gated clock check  
Net design_1_i/sa_engine_ip_0/inst/u_core/g_legacy_core.u_sa_core/dpram_out_addra[6]_i_2_n_0 is a gated clock net sourced by a combinational pin design_1_i/sa_engine_ip_0/inst/u_core/g_legacy_core.u_sa_core/dpram_out_addra[6]_i_2/O, cell design_1_i/sa_engine_ip_0/inst/u_core/g_legacy_core.u_sa_core/dpram_out_addra[6]_i_2. This is not good design practice and will likely impact performance. For SLICE registers, for example, use the CE pin to control the loading of data.
Related violations: <none>

PDRC-153#9 Warning
Gated clock check  
Net design_1_i/sa_engine_ip_0/inst/u_core/g_legacy_core.u_sa_core/dpram_out_addra[7]_i_2_n_0 is a gated clock net sourced by a combinational pin design_1_i/sa_engine_ip_0/inst/u_core/g_legacy_core.u_sa_core/dpram_out_addra[7]_i_2/O, cell design_1_i/sa_engine_ip_0/inst/u_core/g_legacy_core.u_sa_core/dpram_out_addra[7]_i_2. This is not good design practice and will likely impact performance. For SLICE registers, for example, use the CE pin to control the loading of data.
Related violations: <none>

PDRC-153#10 Warning
Gated clock check  
Net design_1_i/sa_engine_ip_0/inst/u_core/g_legacy_core.u_sa_core/dpram_out_addra[8]_i_2_n_0 is a gated clock net sourced by a combinational pin design_1_i/sa_engine_ip_0/inst/u_core/g_legacy_core.u_sa_core/dpram_out_addra[8]_i_2/O, cell design_1_i/sa_engine_ip_0/inst/u_core/g_legacy_core.u_sa_core/dpram_out_addra[8]_i_2. This is not good design practice and will likely impact performance. For SLICE registers, for example, use the CE pin to control the loading of data.
Related violations: <none>

PDRC-153#11 Warning
Gated clock check  
Net design_1_i/sa_engine_ip_0/inst/u_core/g_legacy_core.u_sa_core/dpram_out_addra[9]_i_2_n_0 is a gated clock net sourced by a combinational pin design_1_i/sa_engine_ip_0/inst/u_core/g_legacy_core.u_sa_core/dpram_out_addra[9]_i_2/O, cell design_1_i/sa_engine_ip_0/inst/u_core/g_legacy_core.u_sa_core/dpram_out_addra[9]_i_2. This is not good design practice and will likely impact performance. For SLICE registers, for example, use the CE pin to control the loading of data.
Related violations: <none>

PDRC-153#12 Warning
Gated clock check  
Net design_1_i/sa_engine_ip_0/inst/u_core/g_legacy_core.u_sa_core/dpram_out_wea_i_2_n_0 is a gated clock net sourced by a combinational pin design_1_i/sa_engine_ip_0/inst/u_core/g_legacy_core.u_sa_core/dpram_out_wea_i_2/O, cell design_1_i/sa_engine_ip_0/inst/u_core/g_legacy_core.u_sa_core/dpram_out_wea_i_2. This is not good design practice and will likely impact performance. For SLICE registers, for example, use the CE pin to control the loading of data.
Related violations: <none>

REQP-1839#1 Warning
RAMB36 async control check  
The RAMB36E1 design_1_i/sa_engine_ip_0/inst/u_core/g_legacy_core.u_sa_core/dpram_in/ram_reg_0 has an input control pin design_1_i/sa_engine_ip_0/inst/u_core/g_legacy_core.u_sa_core/dpram_in/ram_reg_0/ADDRARDADDR[11] (net: design_1_i/sa_engine_ip_0/inst/u_core/g_legacy_core.u_sa_core/dpram_in/addra[7]) which is driven by a register (design_1_i/sa_engine_ip_0/inst/u_core/g_legacy_core.u_sa_core/c_state_reg[0]) that has an active asychronous set or reset. This may cause corruption of the memory contents and/or read values when the set/reset is asserted and is not analyzed by the default static timing analysis. It is suggested to eliminate the use of a set/reset to registers driving this RAMB pin or else use a synchronous reset in which the assertion of the reset is timed by default.
Related violations: <none>

REQP-1839#2 Warning
RAMB36 async control check  
The RAMB36E1 design_1_i/sa_engine_ip_0/inst/u_core/g_legacy_core.u_sa_core/dpram_in/ram_reg_0 has an input control pin design_1_i/sa_engine_ip_0/inst/u_core/g_legacy_core.u_sa_core/dpram_in/ram_reg_0/ADDRARDADDR[11] (net: design_1_i/sa_engine_ip_0/inst/u_core/g_legacy_core.u_sa_core/dpram_in/addra[7]) which is driven by a register (design_1_i/sa_engine_ip_0/inst/u_core/g_legacy_core.u_sa_core/c_state_reg[1]) that has an active asychronous set or reset. This may cause corruption of the memory contents and/or read values when the set/reset is asserted and is not analyzed by the default static timing analysis. It is suggested to eliminate the use of a set/reset to registers driving this RAMB pin or else use a synchronous reset in which the assertion of the reset is timed by default.
Related violations: <none>

REQP-1839#3 Warning
RAMB36 async control check  
The RAMB36E1 design_1_i/sa_engine_ip_0/inst/u_core/g_legacy_core.u_sa_core/dpram_in/ram_reg_0 has an input control pin design_1_i/sa_engine_ip_0/inst/u_core/g_legacy_core.u_sa_core/dpram_in/ram_reg_0/ADDRARDADDR[11] (net: design_1_i/sa_engine_ip_0/inst/u_core/g_legacy_core.u_sa_core/dpram_in/addra[7]) which is driven by a register (design_1_i/sa_engine_ip_0/inst/u_core/g_legacy_core.u_sa_core/c_state_reg[2]) that has an active asychronous set or reset. This may cause corruption of the memory contents and/or read values when the set/reset is asserted and is not analyzed by the default static timing analysis. It is suggested to eliminate the use of a set/reset to registers driving this RAMB pin or else use a synchronous reset in which the assertion of the reset is timed by default.
Related violations: <none>

REQP-1839#4 Warning
RAMB36 async control check  
The RAMB36E1 design_1_i/sa_engine_ip_0/inst/u_core/g_legacy_core.u_sa_core/dpram_in/ram_reg_0 has an input control pin design_1_i/sa_engine_ip_0/inst/u_core/g_legacy_core.u_sa_core/dpram_in/ram_reg_0/ADDRARDADDR[11] (net: design_1_i/sa_engine_ip_0/inst/u_core/g_legacy_core.u_sa_core/dpram_in/addra[7]) which is driven by a register (design_1_i/sa_engine_ip_0/inst/u_core/g_legacy_core.u_sa_core/c_state_reg[3]) that has an active asychronous set or reset. This may cause corruption of the memory contents and/or read values when the set/reset is asserted and is not analyzed by the default static timing analysis. It is suggested to eliminate the use of a set/reset to registers driving this RAMB pin or else use a synchronous reset in which the assertion of the reset is timed by default.
Related violations: <none>

REQP-1839#5 Warning
RAMB36 async control check  
The RAMB36E1 design_1_i/sa_engine_ip_0/inst/u_core/g_legacy_core.u_sa_core/dpram_in/ram_reg_0 has an input control pin design_1_i/sa_engine_ip_0/inst/u_core/g_legacy_core.u_sa_core/dpram_in/ram_reg_0/ADDRARDADDR[11] (net: design_1_i/sa_engine_ip_0/inst/u_core/g_legacy_core.u_sa_core/dpram_in/addra[7]) which is driven by a register (design_1_i/sa_engine_ip_0/inst/u_core/g_legacy_core.u_sa_core/dma_cnt_reg[7]) that has an active asychronous set or reset. This may cause corruption of the memory contents and/or read values when the set/reset is asserted and is not analyzed by the default static timing analysis. It is suggested to eliminate the use of a set/reset to registers driving this RAMB pin or else use a synchronous reset in which the assertion of the reset is timed by default.
Related violations: <none>

REQP-1839#6 Warning
RAMB36 async control check  
The RAMB36E1 design_1_i/sa_engine_ip_0/inst/u_core/g_legacy_core.u_sa_core/dpram_in/ram_reg_0 has an input control pin design_1_i/sa_engine_ip_0/inst/u_core/g_legacy_core.u_sa_core/dpram_in/ram_reg_0/ADDRARDADDR[12] (net: design_1_i/sa_engine_ip_0/inst/u_core/g_legacy_core.u_sa_core/dpram_in/addra[8]) which is driven by a register (design_1_i/sa_engine_ip_0/inst/u_core/g_legacy_core.u_sa_core/c_state_reg[0]) that has an active asychronous set or reset. This may cause corruption of the memory contents and/or read values when the set/reset is asserted and is not analyzed by the default static timing analysis. It is suggested to eliminate the use of a set/reset to registers driving this RAMB pin or else use a synchronous reset in which the assertion of the reset is timed by default.
Related violations: <none>

REQP-1839#7 Warning
RAMB36 async control check  
The RAMB36E1 design_1_i/sa_engine_ip_0/inst/u_core/g_legacy_core.u_sa_core/dpram_in/ram_reg_0 has an input control pin design_1_i/sa_engine_ip_0/inst/u_core/g_legacy_core.u_sa_core/dpram_in/ram_reg_0/ADDRARDADDR[12] (net: design_1_i/sa_engine_ip_0/inst/u_core/g_legacy_core.u_sa_core/dpram_in/addra[8]) which is driven by a register (design_1_i/sa_engine_ip_0/inst/u_core/g_legacy_core.u_sa_core/c_state_reg[1]) that has an active asychronous set or reset. This may cause corruption of the memory contents and/or read values when the set/reset is asserted and is not analyzed by the default static timing analysis. It is suggested to eliminate the use of a set/reset to registers driving this RAMB pin or else use a synchronous reset in which the assertion of the reset is timed by default.
Related violations: <none>

REQP-1839#8 Warning
RAMB36 async control check  
The RAMB36E1 design_1_i/sa_engine_ip_0/inst/u_core/g_legacy_core.u_sa_core/dpram_in/ram_reg_0 has an input control pin design_1_i/sa_engine_ip_0/inst/u_core/g_legacy_core.u_sa_core/dpram_in/ram_reg_0/ADDRARDADDR[12] (net: design_1_i/sa_engine_ip_0/inst/u_core/g_legacy_core.u_sa_core/dpram_in/addra[8]) which is driven by a register (design_1_i/sa_engine_ip_0/inst/u_core/g_legacy_core.u_sa_core/c_state_reg[2]) that has an active asychronous set or reset. This may cause corruption of the memory contents and/or read values when the set/reset is asserted and is not analyzed by the default static timing analysis. It is suggested to eliminate the use of a set/reset to registers driving this RAMB pin or else use a synchronous reset in which the assertion of the reset is timed by default.
Related violations: <none>

REQP-1839#9 Warning
RAMB36 async control check  
The RAMB36E1 design_1_i/sa_engine_ip_0/inst/u_core/g_legacy_core.u_sa_core/dpram_in/ram_reg_0 has an input control pin design_1_i/sa_engine_ip_0/inst/u_core/g_legacy_core.u_sa_core/dpram_in/ram_reg_0/ADDRARDADDR[12] (net: design_1_i/sa_engine_ip_0/inst/u_core/g_legacy_core.u_sa_core/dpram_in/addra[8]) which is driven by a register (design_1_i/sa_engine_ip_0/inst/u_core/g_legacy_core.u_sa_core/c_state_reg[3]) that has an active asychronous set or reset. This may cause corruption of the memory contents and/or read values when the set/reset is asserted and is not analyzed by the default static timing analysis. It is suggested to eliminate the use of a set/reset to registers driving this RAMB pin or else use a synchronous reset in which the assertion of the reset is timed by default.
Related violations: <none>

REQP-1839#10 Warning
RAMB36 async control check  
The RAMB36E1 design_1_i/sa_engine_ip_0/inst/u_core/g_legacy_core.u_sa_core/dpram_in/ram_reg_0 has an input control pin design_1_i/sa_engine_ip_0/inst/u_core/g_legacy_core.u_sa_core/dpram_in/ram_reg_0/ADDRARDADDR[12] (net: design_1_i/sa_engine_ip_0/inst/u_core/g_legacy_core.u_sa_core/dpram_in/addra[8]) which is driven by a register (design_1_i/sa_engine_ip_0/inst/u_core/g_legacy_core.u_sa_core/dma_cnt_reg[8]) that has an active asychronous set or reset. This may cause corruption of the memory contents and/or read values when the set/reset is asserted and is not analyzed by the default static timing analysis. It is suggested to eliminate the use of a set/reset to registers driving this RAMB pin or else use a synchronous reset in which the assertion of the reset is timed by default.
Related violations: <none>

REQP-1839#11 Warning
RAMB36 async control check  
The RAMB36E1 design_1_i/sa_engine_ip_0/inst/u_core/g_legacy_core.u_sa_core/dpram_in/ram_reg_0 has an input control pin design_1_i/sa_engine_ip_0/inst/u_core/g_legacy_core.u_sa_core/dpram_in/ram_reg_0/ADDRARDADDR[13] (net: design_1_i/sa_engine_ip_0/inst/u_core/g_legacy_core.u_sa_core/dpram_in/addra[9]) which is driven by a register (design_1_i/sa_engine_ip_0/inst/u_core/g_legacy_core.u_sa_core/c_state_reg[0]) that has an active asychronous set or reset. This may cause corruption of the memory contents and/or read values when the set/reset is asserted and is not analyzed by the default static timing analysis. It is suggested to eliminate the use of a set/reset to registers driving this RAMB pin or else use a synchronous reset in which the assertion of the reset is timed by default.
Related violations: <none>

REQP-1839#12 Warning
RAMB36 async control check  
The RAMB36E1 design_1_i/sa_engine_ip_0/inst/u_core/g_legacy_core.u_sa_core/dpram_in/ram_reg_0 has an input control pin design_1_i/sa_engine_ip_0/inst/u_core/g_legacy_core.u_sa_core/dpram_in/ram_reg_0/ADDRARDADDR[13] (net: design_1_i/sa_engine_ip_0/inst/u_core/g_legacy_core.u_sa_core/dpram_in/addra[9]) which is driven by a register (design_1_i/sa_engine_ip_0/inst/u_core/g_legacy_core.u_sa_core/c_state_reg[1]) that has an active asychronous set or reset. This may cause corruption of the memory contents and/or read values when the set/reset is asserted and is not analyzed by the default static timing analysis. It is suggested to eliminate the use of a set/reset to registers driving this RAMB pin or else use a synchronous reset in which the assertion of the reset is timed by default.
Related violations: <none>

REQP-1839#13 Warning
RAMB36 async control check  
The RAMB36E1 design_1_i/sa_engine_ip_0/inst/u_core/g_legacy_core.u_sa_core/dpram_in/ram_reg_0 has an input control pin design_1_i/sa_engine_ip_0/inst/u_core/g_legacy_core.u_sa_core/dpram_in/ram_reg_0/ADDRARDADDR[13] (net: design_1_i/sa_engine_ip_0/inst/u_core/g_legacy_core.u_sa_core/dpram_in/addra[9]) which is driven by a register (design_1_i/sa_engine_ip_0/inst/u_core/g_legacy_core.u_sa_core/c_state_reg[2]) that has an active asychronous set or reset. This may cause corruption of the memory contents and/or read values when the set/reset is asserted and is not analyzed by the default static timing analysis. It is suggested to eliminate the use of a set/reset to registers driving this RAMB pin or else use a synchronous reset in which the assertion of the reset is timed by default.
Related violations: <none>

REQP-1839#14 Warning
RAMB36 async control check  
The RAMB36E1 design_1_i/sa_engine_ip_0/inst/u_core/g_legacy_core.u_sa_core/dpram_in/ram_reg_0 has an input control pin design_1_i/sa_engine_ip_0/inst/u_core/g_legacy_core.u_sa_core/dpram_in/ram_reg_0/ADDRARDADDR[13] (net: design_1_i/sa_engine_ip_0/inst/u_core/g_legacy_core.u_sa_core/dpram_in/addra[9]) which is driven by a register (design_1_i/sa_engine_ip_0/inst/u_core/g_legacy_core.u_sa_core/c_state_reg[3]) that has an active asychronous set or reset. This may cause corruption of the memory contents and/or read values when the set/reset is asserted and is not analyzed by the default static timing analysis. It is suggested to eliminate the use of a set/reset to registers driving this RAMB pin or else use a synchronous reset in which the assertion of the reset is timed by default.
Related violations: <none>

REQP-1839#15 Warning
RAMB36 async control check  
The RAMB36E1 design_1_i/sa_engine_ip_0/inst/u_core/g_legacy_core.u_sa_core/dpram_in/ram_reg_0 has an input control pin design_1_i/sa_engine_ip_0/inst/u_core/g_legacy_core.u_sa_core/dpram_in/ram_reg_0/ADDRARDADDR[13] (net: design_1_i/sa_engine_ip_0/inst/u_core/g_legacy_core.u_sa_core/dpram_in/addra[9]) which is driven by a register (design_1_i/sa_engine_ip_0/inst/u_core/g_legacy_core.u_sa_core/dma_cnt_reg[9]) that has an active asychronous set or reset. This may cause corruption of the memory contents and/or read values when the set/reset is asserted and is not analyzed by the default static timing analysis. It is suggested to eliminate the use of a set/reset to registers driving this RAMB pin or else use a synchronous reset in which the assertion of the reset is timed by default.
Related violations: <none>

REQP-1839#16 Warning
RAMB36 async control check  
The RAMB36E1 design_1_i/sa_engine_ip_0/inst/u_core/g_legacy_core.u_sa_core/dpram_in/ram_reg_0 has an input control pin design_1_i/sa_engine_ip_0/inst/u_core/g_legacy_core.u_sa_core/dpram_in/ram_reg_0/ADDRARDADDR[14] (net: design_1_i/sa_engine_ip_0/inst/u_core/g_legacy_core.u_sa_core/dpram_in/addra[10]) which is driven by a register (design_1_i/sa_engine_ip_0/inst/u_core/g_legacy_core.u_sa_core/c_state_reg[0]) that has an active asychronous set or reset. This may cause corruption of the memory contents and/or read values when the set/reset is asserted and is not analyzed by the default static timing analysis. It is suggested to eliminate the use of a set/reset to registers driving this RAMB pin or else use a synchronous reset in which the assertion of the reset is timed by default.
Related violations: <none>

REQP-1839#17 Warning
RAMB36 async control check  
The RAMB36E1 design_1_i/sa_engine_ip_0/inst/u_core/g_legacy_core.u_sa_core/dpram_in/ram_reg_0 has an input control pin design_1_i/sa_engine_ip_0/inst/u_core/g_legacy_core.u_sa_core/dpram_in/ram_reg_0/ADDRARDADDR[14] (net: design_1_i/sa_engine_ip_0/inst/u_core/g_legacy_core.u_sa_core/dpram_in/addra[10]) which is driven by a register (design_1_i/sa_engine_ip_0/inst/u_core/g_legacy_core.u_sa_core/c_state_reg[1]) that has an active asychronous set or reset. This may cause corruption of the memory contents and/or read values when the set/reset is asserted and is not analyzed by the default static timing analysis. It is suggested to eliminate the use of a set/reset to registers driving this RAMB pin or else use a synchronous reset in which the assertion of the reset is timed by default.
Related violations: <none>

REQP-1839#18 Warning
RAMB36 async control check  
The RAMB36E1 design_1_i/sa_engine_ip_0/inst/u_core/g_legacy_core.u_sa_core/dpram_in/ram_reg_0 has an input control pin design_1_i/sa_engine_ip_0/inst/u_core/g_legacy_core.u_sa_core/dpram_in/ram_reg_0/ADDRARDADDR[14] (net: design_1_i/sa_engine_ip_0/inst/u_core/g_legacy_core.u_sa_core/dpram_in/addra[10]) which is driven by a register (design_1_i/sa_engine_ip_0/inst/u_core/g_legacy_core.u_sa_core/c_state_reg[2]) that has an active asychronous set or reset. This may cause corruption of the memory contents and/or read values when the set/reset is asserted and is not analyzed by the default static timing analysis. It is suggested to eliminate the use of a set/reset to registers driving this RAMB pin or else use a synchronous reset in which the assertion of the reset is timed by default.
Related violations: <none>

REQP-1839#19 Warning
RAMB36 async control check  
The RAMB36E1 design_1_i/sa_engine_ip_0/inst/u_core/g_legacy_core.u_sa_core/dpram_in/ram_reg_0 has an input control pin design_1_i/sa_engine_ip_0/inst/u_core/g_legacy_core.u_sa_core/dpram_in/ram_reg_0/ADDRARDADDR[14] (net: design_1_i/sa_engine_ip_0/inst/u_core/g_legacy_core.u_sa_core/dpram_in/addra[10]) which is driven by a register (design_1_i/sa_engine_ip_0/inst/u_core/g_legacy_core.u_sa_core/c_state_reg[3]) that has an active asychronous set or reset. This may cause corruption of the memory contents and/or read values when the set/reset is asserted and is not analyzed by the default static timing analysis. It is suggested to eliminate the use of a set/reset to registers driving this RAMB pin or else use a synchronous reset in which the assertion of the reset is timed by default.
Related violations: <none>

REQP-1839#20 Warning
RAMB36 async control check  
The RAMB36E1 design_1_i/sa_engine_ip_0/inst/u_core/g_legacy_core.u_sa_core/dpram_in/ram_reg_0 has an input control pin design_1_i/sa_engine_ip_0/inst/u_core/g_legacy_core.u_sa_core/dpram_in/ram_reg_0/ADDRARDADDR[14] (net: design_1_i/sa_engine_ip_0/inst/u_core/g_legacy_core.u_sa_core/dpram_in/addra[10]) which is driven by a register (design_1_i/sa_engine_ip_0/inst/u_core/g_legacy_core.u_sa_core/dma_cnt_reg[10]) that has an active asychronous set or reset. This may cause corruption of the memory contents and/or read values when the set/reset is asserted and is not analyzed by the default static timing analysis. It is suggested to eliminate the use of a set/reset to registers driving this RAMB pin or else use a synchronous reset in which the assertion of the reset is timed by default.
Related violations: <none>

RTSTAT-10#1 Warning
No routable loads  
135 net(s) have no routable loads. The problem bus(es) and/or net(s) are dbg_hub/inst/BSCANID.u_xsdbm_id/CORE_XSDB.UUT_MASTER/U_ICON_INTERFACE/U_CMD1/ctl_reg_en_2[1],
dbg_hub/inst/BSCANID.u_xsdbm_id/CORE_XSDB.UUT_MASTER/U_ICON_INTERFACE/U_CMD6_RD/U_RD_FIFO/SUBCORE_FIFO.xsdbm_v3_0_0_rdfifo_inst/inst_fifo_gen/gconvfifo.rf/grf.rf/gntv_or_sync_fifo.gl0.rd/gr1.gr1_int.rfwft/aempty_fwft_i,
dbg_hub/inst/BSCANID.u_xsdbm_id/CORE_XSDB.UUT_MASTER/U_ICON_INTERFACE/U_CMD7_CTL/ctl_reg[2:0],
dbg_hub/inst/BSCANID.u_xsdbm_id/CORE_XSDB.UUT_MASTER/U_ICON_INTERFACE/U_CMD7_CTL/ctl_reg_en_2[1],
dbg_hub/inst/BSCANID.u_xsdbm_id/SWITCH_N_EXT_BSCAN.bscan_switch/m_bscan_capture[0],
design_1_i/axi_mem_intercon/m00_couplers/auto_ds/inst/gen_downsizer.gen_cascaded_downsizer.first_downsizer_inst/USE_READ.read_addr_inst/cmd_queue/inst/fifo_gen_inst/inst_fifo_gen/gconvfifo.rf/grf.rf/gntv_or_sync_fifo.gl0.rd/gr1.gr1_int.rfwft/aempty_fwft_i,
design_1_i/axi_mem_intercon/m00_couplers/auto_ds/inst/gen_downsizer.gen_cascaded_downsizer.first_downsizer_inst/USE_WRITE.write_addr_inst/USE_B_CHANNEL.cmd_b_queue/inst/fifo_gen_inst/inst_fifo_gen/gconvfifo.rf/grf.rf/gntv_or_sync_fifo.gl0.rd/gr1.gr1_int.rfwft/aempty_fwft_i,
design_1_i/axi_mem_intercon/m00_couplers/auto_ds/inst/gen_downsizer.gen_cascaded_downsizer.first_downsizer_inst/USE_WRITE.write_addr_inst/cmd_queue/inst/fifo_gen_inst/inst_fifo_gen/gconvfifo.rf/grf.rf/gntv_or_sync_fifo.gl0.rd/gr1.gr1_int.rfwft/aempty_fwft_i,
design_1_i/axi_mem_intercon/m00_couplers/auto_ds/inst/gen_downsizer.gen_cascaded_downsizer.gen_axi3_conv.axi3_conv_inst/gen_axi4_axi3.axi3_conv_inst/USE_READ.USE_SPLIT_R.read_addr_inst/USE_R_CHANNEL.cmd_queue/inst/fifo_gen_inst/inst_fifo_gen/gconvfifo.rf/grf.rf/gntv_or_sync_fifo.gl0.rd/gr1.gr1_int.rfwft/aempty_fwft_i,
design_1_i/axi_mem_intercon/m00_couplers/auto_ds/inst/gen_downsizer.gen_cascaded_downsizer.gen_axi3_conv.axi3_conv_inst/gen_axi4_axi3.axi3_conv_inst/USE_WRITE.write_addr_inst/USE_BURSTS.cmd_queue/inst/fifo_gen_inst/inst_fifo_gen/gconvfifo.rf/grf.rf/gntv_or_sync_fifo.gl0.rd/gr1.gr1_int.rfwft/aempty_fwft_i,
design_1_i/axi_mem_intercon/m00_couplers/auto_ds/inst/gen_downsizer.gen_cascaded_downsizer.gen_axi3_conv.axi3_conv_inst/gen_axi4_axi3.axi3_conv_inst/USE_WRITE.write_addr_inst/USE_B_CHANNEL.cmd_b_queue/inst/fifo_gen_inst/inst_fifo_gen/gconvfifo.rf/grf.rf/gntv_or_sync_fifo.gl0.rd/gr1.gr1_int.rfwft/aempty_fwft_i,
design_1_i/axi_mem_intercon/m00_couplers/auto_pc/inst/gen_axi4_axi3.axi3_conv_inst/USE_WRITE.write_addr_inst/USE_BURSTS.cmd_queue/inst/fifo_gen_inst/inst_fifo_gen/gconvfifo.rf/grf.rf/gntv_or_sync_fifo.gl0.rd/gr1.gr1_int.rfwft/aempty_fwft_i,
design_1_i/axi_mem_intercon/m01_couplers/auto_pc/inst/gen_axi4_axi3.axi3_conv_inst/USE_READ.USE_SPLIT_R.read_addr_inst/USE_R_CHANNEL.cmd_queue/inst/fifo_gen_inst/inst_fifo_gen/gconvfifo.rf/grf.rf/gntv_or_sync_fifo.gl0.rd/gr1.gr1_int.rfwft/aempty_fwft_i,
design_1_i/axi_mem_intercon/m01_couplers/auto_pc/inst/gen_axi4_axi3.axi3_conv_inst/USE_WRITE.write_addr_inst/USE_BURSTS.cmd_queue/inst/fifo_gen_inst/inst_fifo_gen/gconvfifo.rf/grf.rf/gntv_or_sync_fifo.gl0.rd/gr1.gr1_int.rfwft/aempty_fwft_i,
design_1_i/axi_mem_intercon/m01_couplers/auto_pc/inst/gen_axi4_axi3.axi3_conv_inst/USE_WRITE.write_addr_inst/USE_B_CHANNEL.cmd_b_queue/inst/fifo_gen_inst/inst_fifo_gen/gconvfifo.rf/grf.rf/gntv_or_sync_fifo.gl0.rd/gr1.gr1_int.rfwft/aempty_fwft_i
 (the first 15 of 93 listed).
Related violations: <none>


